2024-04-30 06:47:18 [INFO] AnycubicPhotonWorkshop start!
2024-04-30 06:47:18 [INFO] argc:  2
2024-04-30 06:47:18 [WARN] "D:/Программы/Программы для работы/3D Печать/AnycubicPhotonWorkshop"
2024-04-30 06:47:18 [WARN] Successfully init crashpad
2024-04-30 06:47:18 [WARN] Unable to enumerate family ' "Alibaba PuHuiTi 3.0 55 Regular L3" '
2024-04-30 06:47:18 [WARN] Unable to enumerate family ' "Alibaba PuHuiTi 3.0 95 ExtraBold" '
2024-04-30 06:47:18 [INFO] ctk manager plugins:  "D:/Программы/Программы для работы/3D Печать/AnycubicPhotonWorkshop/plugins/"
2024-04-30 06:47:18 [WARN] "Adding 'D:/Программы/Программы для работы/3D Печать/AnycubicPhotonWorkshop/plugins/' to the PATH environment variable failed: Символ Юникода не имеет сопоставления в конечной многобайтовой кодовой странице.\r\n"
2024-04-30 06:47:18 [INFO] Load plugin org.commontk.eventadmin success.
2024-04-30 06:47:18 [INFO] [Install Plugin] "D:/Программы/Программы для работы/3D Печать/AnycubicPhotonWorkshop/plugins/splashwindow.dll"
2024-04-30 06:47:18 [INFO] Install Plugin Success!
2024-04-30 06:47:18 [WARN] Unable to enumerate family ' "Alibaba PuHuiTi 3.0 55 Regular L3" '
2024-04-30 06:47:18 [WARN] Unable to enumerate family ' "Alibaba PuHuiTi 3.0 95 ExtraBold" '
2024-04-30 06:47:19 [INFO] [Install Plugin] "D:/Программы/Программы для работы/3D Печать/AnycubicPhotonWorkshop/plugins/printer.dll"
2024-04-30 06:47:19 [INFO] Install Plugin Success!
2024-04-30 06:47:19 [WARN] loadMachineResin currentPrinter(Anycubic Photon Mono M5s) init success.
2024-04-30 06:47:19 [INFO] loadMachineParamRange is success.
2024-04-30 06:47:19 [INFO] loadMachineResinType is success.
2024-04-30 06:47:19 [INFO] loadMachineResinName is success.
2024-04-30 06:47:19 [INFO] [Install Plugin] "D:/Программы/Программы для работы/3D Печать/AnycubicPhotonWorkshop/plugins/mainwindow.dll"
2024-04-30 06:47:19 [INFO] Install Plugin Success!
2024-04-30 06:47:19 [INFO] "current server is testserver. 0"
2024-04-30 06:47:19 [INFO] "environment_url is https://workbentch.s3.us-east-2.amazonaws.com/workshop/environment.ini"
2024-04-30 06:47:19 [INFO] QmlFactory 0.016 s
2024-04-30 06:47:19 [INFO] [Install Plugin] "D:/Программы/Программы для работы/3D Печать/AnycubicPhotonWorkshop/plugins/autoupdater.dll"
2024-04-30 06:47:19 [INFO] Install Plugin Success!
2024-04-30 06:47:19 [INFO] [Install Plugin] "D:/Программы/Программы для работы/3D Печать/AnycubicPhotonWorkshop/plugins/gareport.dll"
2024-04-30 06:47:19 [INFO] Install Plugin Success!
2024-04-30 06:47:19 [INFO] [Install Plugin] "D:/Программы/Программы для работы/3D Печать/AnycubicPhotonWorkshop/plugins/accloud.dll"
2024-04-30 06:47:19 [INFO] Install Plugin Success!
2024-04-30 06:47:19 [WARN] ACCloudDataModel::ACCloudDataModel, importTempPath = C:/Users/Rairy/AppData/Local/Temp/ac_cloud/, dowloadPath = E:/Загрузки/ac_cloud/
2024-04-30 06:47:19 [WARN] CountriesDataModel::setCurrCountryIdn, newCurrCountryIdn = CN
2024-04-30 06:47:19 [WARN] void __cdecl ACCloudNetRequest::getCountries(void)
2024-04-30 06:47:19 [WARN] void __cdecl ACCloudNetRequest::getPrintCtrlCodeReasons(void)
2024-04-30 06:47:19 [WARN] ACCloudManager::ACCloudManager, cloud model, build_time = 2024-02-28 17:54:44, git_brance = release/pws3.3, git_hash = d70c34a, git_commit = 2024-02-28
2024-04-30 06:47:19 [INFO] [Install Plugin] "D:/Программы/Программы для работы/3D Печать/AnycubicPhotonWorkshop/plugins/facegen.dll"
2024-04-30 06:47:19 [INFO] Install Plugin Success!
2024-04-30 06:47:19 [WARN] Translation::changedSystemLanguage, language = 0
2024-04-30 06:47:19 [WARN] register  GizmoController
2024-04-30 06:47:19 [WARN] enableMenuShortcut menushort cut: 0
2024-04-30 06:47:19 [INFO] uiState:  false
2024-04-30 06:47:19 [WARN] enableMenuShortcut menushort cut: 0
2024-04-30 06:47:19 [WARN] QFSFileEngine::open: No file name specified
2024-04-30 06:47:19 [WARN] Cannot open file '', because: No file name specified
2024-04-30 06:47:19 [WARN] QFSFileEngine::open: No file name specified
2024-04-30 06:47:19 [WARN] Cannot open file '', because: No file name specified
2024-04-30 06:47:19 [WARN] QFSFileEngine::open: No file name specified
2024-04-30 06:47:19 [WARN] Cannot open file '', because: No file name specified
2024-04-30 06:47:19 [WARN] QFSFileEngine::open: No file name specified
2024-04-30 06:47:19 [WARN] Cannot open file '', because: No file name specified
2024-04-30 06:47:19 [WARN] QFSFileEngine::open: No file name specified
2024-04-30 06:47:19 [WARN] Cannot open file '', because: No file name specified
2024-04-30 06:47:19 [WARN] QFSFileEngine::open: No file name specified
2024-04-30 06:47:19 [WARN] Cannot open file '', because: No file name specified
2024-04-30 06:47:19 [WARN] QFSFileEngine::open: No file name specified
2024-04-30 06:47:19 [WARN] Cannot open file '', because: No file name specified
2024-04-30 06:47:19 [WARN] xChanged 1
2024-04-30 06:47:19 [INFO] event:  "splash_window_visible" data:  QVariant(bool, false) extentionData:  QVariant(Invalid)
2024-04-30 06:47:19 [INFO] event:  "main_load" data:  QVariant(Invalid) extentionData:  QVariant(Invalid)
2024-04-30 06:47:19 [INFO] event:  "main_language_changed" data:  QVariant(int, 0) extentionData:  QVariant(Invalid)
2024-04-30 06:47:19 [INFO] uiState:  true
2024-04-30 06:47:20 [WARN] creating renderer
2024-04-30 06:47:20 [WARN] printer valid --:  109.44 61.44
2024-04-30 06:47:20 [WARN] printer build --:  109.44 61.44
2024-04-30 06:47:20 [WARN] deltaX -- :  0
2024-04-30 06:47:20 [WARN] deltaY -- :  0
2024-04-30 06:47:20 [WARN] machine boarder width 2-------------------- 
2024-04-30 06:47:20 [WARN] create planar shadow node
2024-04-30 06:47:20 [WARN] loadGizmoRotationHead OK 576
2024-04-30 06:47:20 [INFO] osg_scene_root::traverse nv_class =  "" ,name =  "NodeVisitor"
2024-04-30 06:47:20 [INFO] osg_scene_root::traverse nv_class =  "" ,name =  "\"CollectedCoordinateSystemNodesVisitor\""
2024-04-30 06:47:20 [INFO] osg_scene_root::traverse nv_class =  "" ,name =  "ComputeBoundsVisitor"
2024-04-30 06:47:20 [INFO]  camera_manipulator::home
2024-04-30 06:47:20 [INFO]  camera_manipulator::home/ComputeBound
2024-04-30 06:47:20 [INFO]  camera_manipulator::home
2024-04-30 06:47:20 [INFO]  camera_manipulator::home/ComputeBound
2024-04-30 06:47:20 [INFO]  camera_manipulator::home/BoundingSphere
2024-04-30 06:47:20 [INFO] osg_scene_root::traverse nv_class =  "CollectMatchGeodeVisitor" ,name =  "NodeVisitor"
2024-04-30 06:47:20 [INFO]  camera_manipulator::home/udpate_view
2024-04-30 06:47:20 [INFO] osg_scene_root::traverse nv_class =  "" ,name =  "GLObjectsVisitor"
2024-04-30 06:47:20 [WARN] void __cdecl EventMiniHandlerCallback::event(const struct ReasonResponse *,unsigned int)
2024-04-30 06:47:20 [WARN] GL Verison:  0x17956f800a8
2024-04-30 06:47:20 [WARN] GL Renderer:  0x17956fd7afc
2024-04-30 06:47:20 [WARN] compile shader program ok
2024-04-30 06:47:20 [WARN] compile shader program ok
2024-04-30 06:47:20 [WARN] compile shader program ok
2024-04-30 06:47:20 [WARN] AnyGizmos::Im3d_Init      LoadCompileShader Ok
2024-04-30 06:47:20 [WARN] AnyGizmos::Im3d_Init   VAO release Ok
2024-04-30 06:47:20 [INFO] osg_scene_root::traverse nv_class =  "CollectMatchGeodeVisitor" ,name =  "NodeVisitor"
2024-04-30 06:47:20 [WARN] void __cdecl ACCloudNetRequest::autoLogin(enum UserInfo::LoginMethod)
2024-04-30 06:47:20 [WARN] void __cdecl ACCloudNetRequest::login(const class QString &,const class QString &,const class QString &,const class QString &,enum UserInfo::LoginMethod)
username = katyamew@gmail.com, password = Rfnztvonqwerty1, country = CN, loginMethod = 0, accountType = 1
2024-04-30 06:47:20 [INFO] osg_scene_root::traverse nv_class =  "CollectMatchGeodeVisitor" ,name =  "NodeVisitor"
2024-04-30 06:47:20 [WARN] QFSFileEngine::open: No file name specified
2024-04-30 06:47:20 [WARN] Cannot open file '', because: No file name specified
2024-04-30 06:47:20 [WARN] QFSFileEngine::open: No file name specified
2024-04-30 06:47:20 [WARN] Cannot open file '', because: No file name specified
2024-04-30 06:47:20 [INFO] event:  "updater_init_compeleted" data:  QVariant(Invalid) extentionData:  QVariant(Invalid)
2024-04-30 06:47:20 [INFO] osg_scene_root::traverse nv_class =  "CollectMatchGeodeVisitor" ,name =  "NodeVisitor"
2024-04-30 06:47:20 [INFO] osg_scene_root::traverse nv_class =  "CollectMatchGeodeVisitor" ,name =  "NodeVisitor"
2024-04-30 06:47:20 [INFO] osg_scene_root::traverse nv_class =  "CollectMatchGeodeVisitor" ,name =  "NodeVisitor"
2024-04-30 06:47:20 [INFO] osg_scene_root::traverse nv_class =  "CollectMatchGeodeVisitor" ,name =  "NodeVisitor"
2024-04-30 06:47:20 [INFO] osg_scene_root::traverse nv_class =  "CollectMatchGeodeVisitor" ,name =  "NodeVisitor"
2024-04-30 06:47:20 [WARN] QFSFileEngine::open: No file name specified
2024-04-30 06:47:20 [WARN] Cannot open file '', because: No file name specified
2024-04-30 06:47:20 [INFO] osg_scene_root::traverse nv_class =  "CollectMatchGeodeVisitor" ,name =  "NodeVisitor"
2024-04-30 06:47:20 [WARN] QFSFileEngine::open: No file name specified
2024-04-30 06:47:20 [WARN] Cannot open file '', because: No file name specified
2024-04-30 06:47:20 [INFO] osg_scene_root::traverse nv_class =  "CollectMatchGeodeVisitor" ,name =  "NodeVisitor"
2024-04-30 06:47:20 [INFO] osg_scene_root::traverse nv_class =  "CollectMatchGeodeVisitor" ,name =  "NodeVisitor"
2024-04-30 06:47:20 [INFO] osg_scene_root::traverse nv_class =  "CollectMatchGeodeVisitor" ,name =  "NodeVisitor"
2024-04-30 06:47:20 [INFO] osg_scene_root::traverse nv_class =  "CollectMatchGeodeVisitor" ,name =  "NodeVisitor"
2024-04-30 06:47:20 [INFO] osg_scene_root::traverse nv_class =  "CollectMatchGeodeVisitor" ,name =  "NodeVisitor"
2024-04-30 06:47:20 [INFO] osg_scene_root::traverse nv_class =  "CollectMatchGeodeVisitor" ,name =  "NodeVisitor"
2024-04-30 06:47:20 [WARN] void __cdecl ACCloudNetRequest::getCountries(void)
2024-04-30 06:47:20 [WARN] void __cdecl ACCloudNetRequest::getPrintCtrlCodeReasons(void)
2024-04-30 06:47:20 [INFO] osg_scene_root::traverse nv_class =  "CollectMatchGeodeVisitor" ,name =  "NodeVisitor"
2024-04-30 06:47:20 [INFO] event:  "accloud_start_init" data:  QVariant(int, 0) extentionData:  QVariant(int, 0)
2024-04-30 06:47:20 [WARN] void __cdecl PrintersDataModel::onReasonResponse(const struct ReasonResponse *,int)
count = 211
2024-04-30 06:47:20 [INFO] parseImportFiles other files: E:\Uniti proj\DRY_TEST\DRY_TEST\Assets\Plugins\Android\Unity3d_Android_Sqlite
2024-04-30 06:47:20 [INFO] parseImportFiles other files: E:\Uniti proj\DRY_TEST\DRY_TEST\Assets\Plugins\Android\Unity3d_Android_Sqlite
2024-04-30 06:47:20 [WARN] QFSFileEngine::open: No file name specified
2024-04-30 06:47:20 [WARN] Cannot open file '', because: No file name specified
2024-04-30 06:47:20 [INFO] uiState:  false
2024-04-30 06:47:20 [WARN] enableMenuShortcut menushort cut: 32
2024-04-30 06:47:20 [INFO] "doReportImportModelResult!"
2024-04-30 06:47:20 [INFO] event:  "ga_report" data:  QVariant(QByteArray, "{\n    \"business\": \"model_prepare\",\n    \"elementContent\": \"Import Files\",\n    \"elementType\": \"BUTTON\",\n    \"event\": \"ImportModelResult\",\n    \"function\": \"import_model\",\n    \"module\": \"menu_bar\",\n    \"printerType\": \"LCD\",\n    \"title\": \"\"\n}\n") extentionData:  QVariant(QByteArray, "{\n    \"importType\": \"4\",\n    \"modelInformation\": [\n        {\n            \"fileName\": \"Unity3d_Android_Sqlite\",\n            \"fileSize\": 8075,\n            \"fileType\": \"\",\n            \"isSuccess\": 1\n        }\n    ],\n    \"numberOfModel\": 1\n}\n")
2024-04-30 06:47:20 [INFO] "start check autoUpdater!"
2024-04-30 06:47:20 [INFO] event:  "updater_check" data:  QVariant(Invalid) extentionData:  QVariant(Invalid)
2024-04-30 06:47:20 [INFO] osg_scene_root::traverse nv_class =  "CollectMatchGeodeVisitor" ,name =  "NodeVisitor"
2024-04-30 06:47:20 [WARN] QFSFileEngine::open: No file name specified
2024-04-30 06:47:20 [WARN] Cannot open file '', because: No file name specified
2024-04-30 06:47:20 [WARN] QFSFileEngine::open: No file name specified
2024-04-30 06:47:20 [WARN] Cannot open file '', because: No file name specified
2024-04-30 06:47:20 [INFO] osg_scene_root::traverse nv_class =  "CollectMatchGeodeVisitor" ,name =  "NodeVisitor"
2024-04-30 06:47:20 [WARN] QFSFileEngine::open: No file name specified
2024-04-30 06:47:20 [WARN] Cannot open file '', because: No file name specified
2024-04-30 06:47:20 [INFO] osg_scene_root::traverse nv_class =  "CollectMatchGeodeVisitor" ,name =  "NodeVisitor"
2024-04-30 06:47:20 [INFO] osg_scene_root::traverse nv_class =  "CollectMatchGeodeVisitor" ,name =  "NodeVisitor"
2024-04-30 06:47:20 [INFO] osg_scene_root::traverse nv_class =  "CollectMatchGeodeVisitor" ,name =  "NodeVisitor"
2024-04-30 06:47:20 [INFO] osg_scene_root::traverse nv_class =  "CollectMatchGeodeVisitor" ,name =  "NodeVisitor"
2024-04-30 06:47:20 [INFO] osg_scene_root::traverse nv_class =  "CollectMatchGeodeVisitor" ,name =  "NodeVisitor"
2024-04-30 06:47:20 [INFO] osg_scene_root::traverse nv_class =  "CollectMatchGeodeVisitor" ,name =  "NodeVisitor"
2024-04-30 06:47:20 [WARN] QFSFileEngine::open: No file name specified
2024-04-30 06:47:20 [WARN] Cannot open file '', because: No file name specified
2024-04-30 06:47:20 [WARN] QFSFileEngine::open: No file name specified
2024-04-30 06:47:20 [WARN] Cannot open file '', because: No file name specified
2024-04-30 06:47:20 [WARN] QFSFileEngine::open: No file name specified
2024-04-30 06:47:20 [WARN] Cannot open file '', because: No file name specified
2024-04-30 06:47:20 [WARN] QFSFileEngine::open: No file name specified
2024-04-30 06:47:20 [WARN] Cannot open file '', because: No file name specified
2024-04-30 06:47:20 [WARN] QFSFileEngine::open: No file name specified
2024-04-30 06:47:20 [WARN] Cannot open file '', because: No file name specified
2024-04-30 06:47:20 [WARN] QFSFileEngine::open: No file name specified
2024-04-30 06:47:20 [WARN] Cannot open file '', because: No file name specified
2024-04-30 06:47:20 [WARN] QFSFileEngine::open: No file name specified
2024-04-30 06:47:20 [WARN] Cannot open file '', because: No file name specified
2024-04-30 06:47:20 [WARN] QFSFileEngine::open: No file name specified
2024-04-30 06:47:20 [WARN] Cannot open file '', because: No file name specified
2024-04-30 06:47:20 [WARN] QFSFileEngine::open: No file name specified
2024-04-30 06:47:20 [WARN] Cannot open file '', because: No file name specified
2024-04-30 06:47:20 [WARN] QFSFileEngine::open: No file name specified
2024-04-30 06:47:20 [WARN] Cannot open file '', because: No file name specified
2024-04-30 06:47:20 [WARN] QFSFileEngine::open: No file name specified
2024-04-30 06:47:20 [WARN] Cannot open file '', because: No file name specified
2024-04-30 06:47:20 [WARN] QFSFileEngine::open: No file name specified
2024-04-30 06:47:20 [WARN] Cannot open file '', because: No file name specified
2024-04-30 06:47:20 [WARN] QFSFileEngine::open: No file name specified
2024-04-30 06:47:20 [WARN] Cannot open file '', because: No file name specified
2024-04-30 06:47:20 [WARN] QFSFileEngine::open: No file name specified
2024-04-30 06:47:20 [WARN] Cannot open file '', because: No file name specified
2024-04-30 06:47:20 [WARN] QFSFileEngine::open: No file name specified
2024-04-30 06:47:20 [WARN] Cannot open file '', because: No file name specified
2024-04-30 06:47:20 [INFO] osg_scene_root::traverse nv_class =  "CollectMatchGeodeVisitor" ,name =  "NodeVisitor"
2024-04-30 06:47:20 [WARN] QFSFileEngine::open: No file name specified
2024-04-30 06:47:20 [WARN] Cannot open file '', because: No file name specified
2024-04-30 06:47:20 [INFO] osg_scene_root::traverse nv_class =  "CollectMatchGeodeVisitor" ,name =  "NodeVisitor"
2024-04-30 06:47:20 [INFO] osg_scene_root::traverse nv_class =  "CollectMatchGeodeVisitor" ,name =  "NodeVisitor"
2024-04-30 06:47:20 [INFO] osg_scene_root::traverse nv_class =  "CollectMatchGeodeVisitor" ,name =  "NodeVisitor"
2024-04-30 06:47:20 [INFO] osg_scene_root::traverse nv_class =  "CollectMatchGeodeVisitor" ,name =  "NodeVisitor"
2024-04-30 06:47:20 [INFO] osg_scene_root::traverse nv_class =  "CollectMatchGeodeVisitor" ,name =  "NodeVisitor"
2024-04-30 06:47:20 [WARN] QFSFileEngine::open: No file name specified
2024-04-30 06:47:20 [WARN] Cannot open file '', because: No file name specified
2024-04-30 06:47:20 [WARN] QFSFileEngine::open: No file name specified
2024-04-30 06:47:20 [WARN] Cannot open file '', because: No file name specified
2024-04-30 06:47:20 [WARN] QFSFileEngine::open: No file name specified
2024-04-30 06:47:20 [WARN] Cannot open file '', because: No file name specified
2024-04-30 06:47:20 [INFO] osg_scene_root::traverse nv_class =  "CollectMatchGeodeVisitor" ,name =  "NodeVisitor"
2024-04-30 06:47:20 [WARN] QFSFileEngine::open: No file name specified
2024-04-30 06:47:20 [WARN] Cannot open file '', because: No file name specified
2024-04-30 06:47:20 [WARN] QFSFileEngine::open: No file name specified
2024-04-30 06:47:20 [WARN] Cannot open file '', because: No file name specified
2024-04-30 06:47:20 [WARN] QFSFileEngine::open: No file name specified
2024-04-30 06:47:20 [WARN] Cannot open file '', because: No file name specified
2024-04-30 06:47:20 [WARN] QFSFileEngine::open: No file name specified
2024-04-30 06:47:20 [WARN] Cannot open file '', because: No file name specified
2024-04-30 06:47:20 [INFO] sendData:  "{\n    \"appName\": \"AnycubicPhotonWorkshop_V3.3.0\",\n    \"appVersion\": \"v3.3.0\",\n    \"business\": \"\",\n    \"city\": \"\",\n    \"country\": \"\",\n    \"elementContent\": \"\",\n    \"elementType\": \"\",\n    \"eventName\": \"ImportModelResult\",\n    \"function\": \"\",\n    \"isOverseasVersion\": true,\n    \"module\": \"\",\n    \"pcId\": \"f635f5cf0c4d2de34713fe1347aa8cd2\",\n    \"printerType\": \"\",\n    \"province\": \"\",\n    \"timestamp\": 1714423640,\n    \"title\": \"\",\n    \"userId\": 0\n}\n"
2024-04-30 06:47:20 [INFO] send post data success!
2024-04-30 06:47:21 [WARN] void __cdecl ACCloudNetRequest::onEvent(struct NetworkRequest::EventData)
, event.event = 13, status = 0, code = 1, msg = Login successful
2024-04-30 06:47:21 [WARN] void __cdecl ACCloudNetRequest::onLoginResult(void)
nickName = KinkaMay
2024-04-30 06:47:21 [WARN] void __cdecl ACCloudNetRequest::getFileList(const struct FileListRequest *)
page = 1, limit = 50, fileType = 0, orderby = 1, machine_type = 0, loginStatus = 1
2024-04-30 06:47:21 [WARN] void __cdecl MyFileListModel::onLoginResult(void)
2024-04-30 06:47:21 [WARN] void __cdecl PrintersDataModel::onLoginResult(void)
2024-04-30 06:47:21 [WARN] void __cdecl PrintersDataModel::setupCloudEvent(void)
m_networkStatus = 1
2024-04-30 06:47:21 [WARN] void __cdecl ACCloudNetRequest::setupCloudEvent(void), -- 1
2024-04-30 06:47:21 [WARN] void __cdecl ACCloudNetRequest::setupCloudEvent(void), -- 2
2024-04-30 06:47:21 [WARN] void __cdecl ACCloudNetRequest::getMessageCount(void)
2024-04-30 06:47:21 [WARN] void __cdecl ACCloudNetRequest::getMessageList(int,int,int)
msgtype = 1, pageIndex = 1, pageSize = 1
2024-04-30 06:47:21 [WARN] void __cdecl CloudMsgNotifyListModel::onLoginResult(void)
2024-04-30 06:47:21 [WARN] void __cdecl ACCloudGaSupport::doReportLoginResult(const class QString &,const class QString &,const bool &,const class QString &)
loginType = auto_login, loginMethod = email, isSuccess = 1, failReason = Login successful
2024-04-30 06:47:21 [WARN] void __cdecl ACCloudManager::onLoginResult(void), nickName = KinkaMay, userId = 111270, doReportLoginResult finish
2024-04-30 06:47:21 [INFO] sendData:  "{\n    \"appName\": \"AnycubicPhotonWorkshop_V3.3.0\",\n    \"appVersion\": \"v3.3.0\",\n    \"business\": \"\",\n    \"city\": \"0\",\n    \"country\": \"\xE4\xBF\x84\xE7\xBD\x97\xE6\x96\xAF\",\n    \"elementContent\": \"\",\n    \"elementType\": \"\",\n    \"eventName\": \"AppStart\",\n    \"function\": \"\",\n    \"isOverseasVersion\": true,\n    \"module\": \"\",\n    \"pcId\": \"f635f5cf0c4d2de34713fe1347aa8cd2\",\n    \"printerType\": \"\",\n    \"province\": \"Khabarovskiy\",\n    \"timestamp\": 1714423641,\n    \"title\": \"\",\n    \"userId\": 111270\n}\n"
2024-04-30 06:47:21 [INFO] sendData:  "{\n    \"appName\": \"AnycubicPhotonWorkshop_V3.3.0\",\n    \"appVersion\": \"v3.3.0\",\n    \"business\": \"\",\n    \"city\": \"0\",\n    \"country\": \"\xE4\xBF\x84\xE7\xBD\x97\xE6\x96\xAF\",\n    \"elementContent\": \"\",\n    \"elementType\": \"\",\n    \"eventName\": \"LoginResult\",\n    \"function\": \"\",\n    \"isOverseasVersion\": true,\n    \"module\": \"\",\n    \"pcId\": \"f635f5cf0c4d2de34713fe1347aa8cd2\",\n    \"printerType\": \"\",\n    \"province\": \"Khabarovskiy\",\n    \"timestamp\": 1714423641,\n    \"title\": \"\",\n    \"userId\": 111270\n}\n"
2024-04-30 06:47:21 [INFO] send post data success!
2024-04-30 06:47:21 [WARN] void __cdecl EventMiniHandlerCallback::event(const struct ReasonResponse *,unsigned int)
2024-04-30 06:47:21 [WARN] void __cdecl PrintersDataModel::onReasonResponse(const struct ReasonResponse *,int)
count = 211
2024-04-30 06:47:21 [INFO] uiState:  true
2024-04-30 06:47:21 [WARN] enableMenuShortcut menushort cut: 0
2024-04-30 06:47:21 [INFO] send post data success!
2024-04-30 06:47:21 [WARN] MyFileListModel::onFileLists, pageIndex = 1, pageSize = 50, countAll = 0, size = 0
2024-04-30 06:47:21 [WARN] void __cdecl EventMiniHandlerCallback::event(const struct MessageListResponse *,unsigned int,unsigned int,unsigned int,unsigned int)
2024-04-30 06:47:21 [WARN] void __cdecl ACCloudNetRequest::onMessageListResponse(const struct MessageListResponse *,int,int,int,int)
count = 6, pageIndex = 1, pageSize = 50, countAll = 6
2024-04-30 06:47:21 [WARN] CloudMsgNotifyListModel::onMessageListResponse, count = 6, pageIndex = 1, pageSize = 50, countAll = 6
2024-04-30 06:47:21 [WARN] QFSFileEngine::open: No file name specified
2024-04-30 06:47:21 [WARN] Cannot open file '', because: No file name specified
2024-04-30 06:47:21 [WARN] QFSFileEngine::open: No file name specified
2024-04-30 06:47:21 [WARN] Cannot open file '', because: No file name specified
2024-04-30 06:47:21 [WARN] QFSFileEngine::open: No file name specified
2024-04-30 06:47:21 [WARN] void __cdecl EventMiniHandlerCallback::event(const struct MessageCountResponse *,unsigned int)
2024-04-30 06:47:21 [WARN] Cannot open file '', because: No file name specified
2024-04-30 06:47:21 [WARN] QFSFileEngine::open: No file name specified
2024-04-30 06:47:21 [WARN] Cannot open file '', because: No file name specified
2024-04-30 06:47:21 [WARN] void __cdecl CloudMsgNotifyListModel::onMessageCountResponse(const struct MessageCountResponse *,int), count = 3
2024-04-30 06:47:22 [INFO] send post data success!
2024-04-30 06:47:24 [WARN] void __cdecl PrinterEventHandlerCallback::event(const struct Anycubic::Event *)
2024-04-30 06:47:24 [WARN] void __cdecl PrintersDataModel::onPrinterCommonEvent(const struct Anycubic::Event *)
code = 0, action = 500, status = 0, errMsg = 
2024-04-30 06:47:24 [WARN] void __cdecl PrintersDataModel::getListPrinter(void)
m_printersTableStatus = 0, m_cloudNetRequest->userInfo()->loginStatus() = 0
2024-04-30 06:47:24 [WARN] void __cdecl ACCloudNetRequest::getListPrinter(void)
LOGIN_STATUS = 0
2024-04-30 06:47:24 [WARN] void __cdecl PrintersDataModel::onPrinterListEvent(void *,int,void *)
count = 1
2024-04-30 06:47:24 [WARN] void __cdecl ACCloudNetRequest::getPrinterDetail(int)
printerId = 54120
2024-04-30 06:47:25 [WARN] void __cdecl PrinterEventHandlerCallback::event(const struct Anycubic::Event *)
2024-04-30 06:47:25 [WARN] void __cdecl PrintersDataModel::onPrinterCommonEvent(const struct Anycubic::Event *)
code = 0, action = 502, status = 0, errMsg = 
2024-04-30 06:47:25 [WARN] void __cdecl EventMiniHandlerCallback::event(const struct PrinterDetailResponse *)
2024-04-30 06:47:25 [WARN] void __cdecl PrintersDataModel::onPrinterDetailResponse(const struct PrinterDetailResponse *)
detail->name = Anycubic Photon Mono M5s, detail->project.print_status = 0, detail->project.pause = 0, detail->project.project_type = 0, detail->device_status = 2, detail->is_printing = 1
2024-04-30 06:57:19 [INFO] check Backup Secene!
2024-04-30 06:57:24 [INFO] get idle state:  true
2024-04-30 06:57:24 [INFO] backupScene start!
2024-04-30 06:57:24 [INFO] uiState:  false
2024-04-30 06:57:24 [WARN] enableMenuShortcut menushort cut: 8
2024-04-30 06:57:24 [INFO] SceneWorker::callbackProgress :  99
2024-04-30 06:57:24 [INFO] SceneWorker::m_bCancel :  false
2024-04-30 06:57:24 [INFO] SceneWorker::callbackProgress :  0
2024-04-30 06:57:24 [INFO] SceneWorker::m_bCancel :  false
2024-04-30 06:57:24 [INFO] SceneWorker::callbackProgress :  0
2024-04-30 06:57:24 [INFO] SceneWorker::m_bCancel :  false
2024-04-30 06:57:24 [INFO] SceneWorker::callbackProgress :  0
2024-04-30 06:57:24 [INFO] SceneWorker::m_bCancel :  false
2024-04-30 06:57:24 [INFO] SceneWorker::callbackProgress :  0
2024-04-30 06:57:24 [INFO] SceneWorker::m_bCancel :  false
2024-04-30 06:57:24 [INFO] SceneWorker::callbackProgress :  100
2024-04-30 06:57:24 [INFO] SceneWorker::m_bCancel :  false
2024-04-30 06:57:24 [INFO] backupScene end!
2024-04-30 06:57:24 [INFO] uiState:  true
2024-04-30 06:57:24 [WARN] enableMenuShortcut menushort cut: 0
2024-04-30 06:58:06 [WARN] Retrying to obtain clipboard.
2024-04-30 06:58:37 [WARN] Retrying to obtain clipboard.
2024-04-30 06:59:03 [WARN] Retrying to obtain clipboard.
2024-04-30 07:07:19 [INFO] check Backup Secene!
2024-04-30 07:07:24 [INFO] get idle state:  true
2024-04-30 07:07:24 [INFO] backupScene start!
2024-04-30 07:07:24 [INFO] uiState:  false
2024-04-30 07:07:24 [WARN] enableMenuShortcut menushort cut: 8
2024-04-30 07:07:24 [INFO] SceneWorker::callbackProgress :  99
2024-04-30 07:07:24 [INFO] SceneWorker::m_bCancel :  false
2024-04-30 07:07:24 [INFO] SceneWorker::callbackProgress :  0
2024-04-30 07:07:24 [INFO] SceneWorker::m_bCancel :  false
2024-04-30 07:07:24 [INFO] SceneWorker::callbackProgress :  0
2024-04-30 07:07:24 [INFO] SceneWorker::m_bCancel :  false
2024-04-30 07:07:24 [INFO] SceneWorker::callbackProgress :  0
2024-04-30 07:07:24 [INFO] SceneWorker::m_bCancel :  false
2024-04-30 07:07:24 [INFO] SceneWorker::callbackProgress :  0
2024-04-30 07:07:24 [INFO] SceneWorker::m_bCancel :  false
2024-04-30 07:07:24 [INFO] SceneWorker::callbackProgress :  100
2024-04-30 07:07:24 [INFO] SceneWorker::m_bCancel :  false
2024-04-30 07:07:24 [INFO] backupScene end!
2024-04-30 07:07:24 [INFO] uiState:  true
2024-04-30 07:07:24 [WARN] enableMenuShortcut menushort cut: 0
2024-04-30 07:17:19 [INFO] check Backup Secene!
2024-04-30 07:17:26 [INFO] get idle state:  true
2024-04-30 07:17:26 [INFO] backupScene start!
2024-04-30 07:17:26 [INFO] uiState:  false
2024-04-30 07:17:26 [WARN] enableMenuShortcut menushort cut: 8
2024-04-30 07:17:26 [INFO] SceneWorker::callbackProgress :  99
2024-04-30 07:17:26 [INFO] SceneWorker::m_bCancel :  false
2024-04-30 07:17:26 [INFO] SceneWorker::callbackProgress :  0
2024-04-30 07:17:26 [INFO] SceneWorker::m_bCancel :  false
2024-04-30 07:17:26 [INFO] SceneWorker::callbackProgress :  0
2024-04-30 07:17:26 [INFO] SceneWorker::m_bCancel :  false
2024-04-30 07:17:26 [INFO] SceneWorker::callbackProgress :  0
2024-04-30 07:17:26 [INFO] SceneWorker::m_bCancel :  false
2024-04-30 07:17:26 [INFO] SceneWorker::callbackProgress :  0
2024-04-30 07:17:26 [INFO] SceneWorker::m_bCancel :  false
2024-04-30 07:17:26 [INFO] SceneWorker::callbackProgress :  100
2024-04-30 07:17:26 [INFO] SceneWorker::m_bCancel :  false
2024-04-30 07:17:26 [INFO] backupScene end!
2024-04-30 07:17:26 [INFO] uiState:  true
2024-04-30 07:17:26 [WARN] enableMenuShortcut menushort cut: 0
2024-04-30 07:27:21 [INFO] check Backup Secene!
2024-04-30 07:27:26 [INFO] get idle state:  true
2024-04-30 07:27:26 [INFO] backupScene start!
2024-04-30 07:27:26 [INFO] uiState:  false
2024-04-30 07:27:26 [WARN] enableMenuShortcut menushort cut: 8
2024-04-30 07:27:26 [INFO] SceneWorker::callbackProgress :  99
2024-04-30 07:27:26 [INFO] SceneWorker::m_bCancel :  false
2024-04-30 07:27:26 [INFO] SceneWorker::callbackProgress :  0
2024-04-30 07:27:26 [INFO] SceneWorker::m_bCancel :  false
2024-04-30 07:27:26 [INFO] SceneWorker::callbackProgress :  0
2024-04-30 07:27:26 [INFO] SceneWorker::m_bCancel :  false
2024-04-30 07:27:26 [INFO] SceneWorker::callbackProgress :  0
2024-04-30 07:27:26 [INFO] SceneWorker::m_bCancel :  false
2024-04-30 07:27:26 [INFO] SceneWorker::callbackProgress :  0
2024-04-30 07:27:26 [INFO] SceneWorker::m_bCancel :  false
2024-04-30 07:27:26 [INFO] SceneWorker::callbackProgress :  100
2024-04-30 07:27:26 [INFO] SceneWorker::m_bCancel :  false
2024-04-30 07:27:26 [INFO] backupScene end!
2024-04-30 07:27:26 [INFO] uiState:  true
2024-04-30 07:27:26 [WARN] enableMenuShortcut menushort cut: 0
2024-04-30 07:37:21 [INFO] check Backup Secene!
2024-04-30 07:37:26 [INFO] get idle state:  true
2024-04-30 07:37:26 [INFO] backupScene start!
2024-04-30 07:37:26 [INFO] uiState:  false
2024-04-30 07:37:26 [WARN] enableMenuShortcut menushort cut: 8
2024-04-30 07:37:26 [INFO] SceneWorker::callbackProgress :  99
2024-04-30 07:37:26 [INFO] SceneWorker::m_bCancel :  false
2024-04-30 07:37:26 [INFO] SceneWorker::callbackProgress :  0
2024-04-30 07:37:26 [INFO] SceneWorker::m_bCancel :  false
2024-04-30 07:37:26 [INFO] SceneWorker::callbackProgress :  0
2024-04-30 07:37:26 [INFO] SceneWorker::m_bCancel :  false
2024-04-30 07:37:26 [INFO] SceneWorker::callbackProgress :  0
2024-04-30 07:37:26 [INFO] SceneWorker::m_bCancel :  false
2024-04-30 07:37:26 [INFO] SceneWorker::callbackProgress :  0
2024-04-30 07:37:26 [INFO] SceneWorker::m_bCancel :  false
2024-04-30 07:37:26 [INFO] SceneWorker::callbackProgress :  100
2024-04-30 07:37:26 [INFO] SceneWorker::m_bCancel :  false
2024-04-30 07:37:26 [INFO] backupScene end!
2024-04-30 07:37:26 [INFO] uiState:  true
2024-04-30 07:37:26 [WARN] enableMenuShortcut menushort cut: 0
2024-04-30 07:47:21 [INFO] check Backup Secene!
2024-04-30 07:47:26 [INFO] get idle state:  true
2024-04-30 07:47:26 [INFO] backupScene start!
2024-04-30 07:47:26 [INFO] uiState:  false
2024-04-30 07:47:26 [WARN] enableMenuShortcut menushort cut: 8
2024-04-30 07:47:26 [INFO] SceneWorker::callbackProgress :  99
2024-04-30 07:47:26 [INFO] SceneWorker::m_bCancel :  false
2024-04-30 07:47:26 [INFO] SceneWorker::callbackProgress :  0
2024-04-30 07:47:26 [INFO] SceneWorker::m_bCancel :  false
2024-04-30 07:47:26 [INFO] SceneWorker::callbackProgress :  0
2024-04-30 07:47:26 [INFO] SceneWorker::m_bCancel :  false
2024-04-30 07:47:26 [INFO] SceneWorker::callbackProgress :  0
2024-04-30 07:47:26 [INFO] SceneWorker::m_bCancel :  false
2024-04-30 07:47:26 [INFO] SceneWorker::callbackProgress :  0
2024-04-30 07:47:26 [INFO] SceneWorker::m_bCancel :  false
2024-04-30 07:47:26 [INFO] SceneWorker::callbackProgress :  100
2024-04-30 07:47:26 [INFO] SceneWorker::m_bCancel :  false
2024-04-30 07:47:26 [INFO] backupScene end!
2024-04-30 07:47:26 [INFO] uiState:  true
2024-04-30 07:47:26 [WARN] enableMenuShortcut menushort cut: 0
2024-04-30 07:57:21 [INFO] check Backup Secene!
2024-04-30 07:57:26 [INFO] get idle state:  true
2024-04-30 07:57:26 [INFO] backupScene start!
2024-04-30 07:57:26 [INFO] uiState:  false
2024-04-30 07:57:26 [WARN] enableMenuShortcut menushort cut: 8
2024-04-30 07:57:26 [INFO] SceneWorker::callbackProgress :  99
2024-04-30 07:57:26 [INFO] SceneWorker::m_bCancel :  false
2024-04-30 07:57:26 [INFO] SceneWorker::callbackProgress :  0
2024-04-30 07:57:26 [INFO] SceneWorker::m_bCancel :  false
2024-04-30 07:57:26 [INFO] SceneWorker::callbackProgress :  0
2024-04-30 07:57:26 [INFO] SceneWorker::m_bCancel :  false
2024-04-30 07:57:26 [INFO] SceneWorker::callbackProgress :  0
2024-04-30 07:57:26 [INFO] SceneWorker::m_bCancel :  false
2024-04-30 07:57:26 [INFO] SceneWorker::callbackProgress :  0
2024-04-30 07:57:26 [INFO] SceneWorker::m_bCancel :  false
2024-04-30 07:57:26 [INFO] SceneWorker::callbackProgress :  100
2024-04-30 07:57:26 [INFO] SceneWorker::m_bCancel :  false
2024-04-30 07:57:26 [INFO] backupScene end!
2024-04-30 07:57:26 [INFO] uiState:  true
2024-04-30 07:57:26 [WARN] enableMenuShortcut menushort cut: 0
2024-04-30 08:07:21 [INFO] check Backup Secene!
2024-04-30 08:07:26 [INFO] get idle state:  true
2024-04-30 08:07:26 [INFO] backupScene start!
2024-04-30 08:07:26 [INFO] uiState:  false
2024-04-30 08:07:26 [WARN] enableMenuShortcut menushort cut: 8
2024-04-30 08:07:26 [INFO] SceneWorker::callbackProgress :  99
2024-04-30 08:07:26 [INFO] SceneWorker::m_bCancel :  false
2024-04-30 08:07:26 [INFO] SceneWorker::callbackProgress :  0
2024-04-30 08:07:26 [INFO] SceneWorker::m_bCancel :  false
2024-04-30 08:07:26 [INFO] SceneWorker::callbackProgress :  0
2024-04-30 08:07:26 [INFO] SceneWorker::m_bCancel :  false
2024-04-30 08:07:26 [INFO] SceneWorker::callbackProgress :  0
2024-04-30 08:07:26 [INFO] SceneWorker::m_bCancel :  false
2024-04-30 08:07:26 [INFO] SceneWorker::callbackProgress :  0
2024-04-30 08:07:26 [INFO] SceneWorker::m_bCancel :  false
2024-04-30 08:07:26 [INFO] SceneWorker::callbackProgress :  100
2024-04-30 08:07:26 [INFO] SceneWorker::m_bCancel :  false
2024-04-30 08:07:26 [INFO] backupScene end!
2024-04-30 08:07:26 [INFO] uiState:  true
2024-04-30 08:07:26 [WARN] enableMenuShortcut menushort cut: 0
2024-04-30 08:17:21 [INFO] check Backup Secene!
2024-04-30 08:17:26 [INFO] get idle state:  true
2024-04-30 08:17:26 [INFO] backupScene start!
2024-04-30 08:17:26 [INFO] uiState:  false
2024-04-30 08:17:26 [WARN] enableMenuShortcut menushort cut: 8
2024-04-30 08:17:26 [INFO] SceneWorker::callbackProgress :  99
2024-04-30 08:17:26 [INFO] SceneWorker::m_bCancel :  false
2024-04-30 08:17:26 [INFO] SceneWorker::callbackProgress :  0
2024-04-30 08:17:26 [INFO] SceneWorker::m_bCancel :  false
2024-04-30 08:17:26 [INFO] SceneWorker::callbackProgress :  0
2024-04-30 08:17:26 [INFO] SceneWorker::m_bCancel :  false
2024-04-30 08:17:26 [INFO] SceneWorker::callbackProgress :  0
2024-04-30 08:17:26 [INFO] SceneWorker::m_bCancel :  false
2024-04-30 08:17:26 [INFO] SceneWorker::callbackProgress :  0
2024-04-30 08:17:26 [INFO] SceneWorker::m_bCancel :  false
2024-04-30 08:17:26 [INFO] SceneWorker::callbackProgress :  100
2024-04-30 08:17:26 [INFO] SceneWorker::m_bCancel :  false
2024-04-30 08:17:26 [INFO] backupScene end!
2024-04-30 08:17:26 [INFO] uiState:  true
2024-04-30 08:17:26 [WARN] enableMenuShortcut menushort cut: 0
2024-04-30 08:27:21 [INFO] check Backup Secene!
2024-04-30 08:27:26 [INFO] get idle state:  true
2024-04-30 08:27:26 [INFO] backupScene start!
2024-04-30 08:27:26 [INFO] uiState:  false
2024-04-30 08:27:26 [WARN] enableMenuShortcut menushort cut: 8
2024-04-30 08:27:26 [INFO] SceneWorker::callbackProgress :  99
2024-04-30 08:27:26 [INFO] SceneWorker::m_bCancel :  false
2024-04-30 08:27:26 [INFO] SceneWorker::callbackProgress :  0
2024-04-30 08:27:26 [INFO] SceneWorker::m_bCancel :  false
2024-04-30 08:27:26 [INFO] SceneWorker::callbackProgress :  0
2024-04-30 08:27:26 [INFO] SceneWorker::m_bCancel :  false
2024-04-30 08:27:26 [INFO] SceneWorker::callbackProgress :  0
2024-04-30 08:27:26 [INFO] SceneWorker::m_bCancel :  false
2024-04-30 08:27:26 [INFO] SceneWorker::callbackProgress :  0
2024-04-30 08:27:26 [INFO] SceneWorker::m_bCancel :  false
2024-04-30 08:27:26 [INFO] SceneWorker::callbackProgress :  100
2024-04-30 08:27:26 [INFO] SceneWorker::m_bCancel :  false
2024-04-30 08:27:26 [INFO] backupScene end!
2024-04-30 08:27:26 [INFO] uiState:  true
2024-04-30 08:27:26 [WARN] enableMenuShortcut menushort cut: 0
2024-04-30 08:37:21 [INFO] check Backup Secene!
2024-04-30 08:37:26 [INFO] get idle state:  true
2024-04-30 08:37:26 [INFO] backupScene start!
2024-04-30 08:37:26 [INFO] uiState:  false
2024-04-30 08:37:26 [WARN] enableMenuShortcut menushort cut: 8
2024-04-30 08:37:26 [INFO] SceneWorker::callbackProgress :  99
2024-04-30 08:37:26 [INFO] SceneWorker::m_bCancel :  false
2024-04-30 08:37:26 [INFO] SceneWorker::callbackProgress :  0
2024-04-30 08:37:26 [INFO] SceneWorker::m_bCancel :  false
2024-04-30 08:37:26 [INFO] SceneWorker::callbackProgress :  0
2024-04-30 08:37:26 [INFO] SceneWorker::m_bCancel :  false
2024-04-30 08:37:26 [INFO] SceneWorker::callbackProgress :  0
2024-04-30 08:37:26 [INFO] SceneWorker::m_bCancel :  false
2024-04-30 08:37:26 [INFO] SceneWorker::callbackProgress :  0
2024-04-30 08:37:26 [INFO] SceneWorker::m_bCancel :  false
2024-04-30 08:37:26 [INFO] SceneWorker::callbackProgress :  100
2024-04-30 08:37:26 [INFO] SceneWorker::m_bCancel :  false
2024-04-30 08:37:26 [INFO] backupScene end!
2024-04-30 08:37:26 [INFO] uiState:  true
2024-04-30 08:37:26 [WARN] enableMenuShortcut menushort cut: 0
2024-04-30 08:47:21 [INFO] check Backup Secene!
2024-04-30 08:47:26 [INFO] get idle state:  true
2024-04-30 08:47:26 [INFO] backupScene start!
2024-04-30 08:47:26 [INFO] uiState:  false
2024-04-30 08:47:26 [WARN] enableMenuShortcut menushort cut: 8
2024-04-30 08:47:26 [INFO] SceneWorker::callbackProgress :  99
2024-04-30 08:47:26 [INFO] SceneWorker::m_bCancel :  false
2024-04-30 08:47:26 [INFO] SceneWorker::callbackProgress :  0
2024-04-30 08:47:26 [INFO] SceneWorker::m_bCancel :  false
2024-04-30 08:47:26 [INFO] SceneWorker::callbackProgress :  0
2024-04-30 08:47:26 [INFO] SceneWorker::m_bCancel :  false
2024-04-30 08:47:26 [INFO] SceneWorker::callbackProgress :  0
2024-04-30 08:47:26 [INFO] SceneWorker::m_bCancel :  false
2024-04-30 08:47:26 [INFO] SceneWorker::callbackProgress :  0
2024-04-30 08:47:26 [INFO] SceneWorker::m_bCancel :  false
2024-04-30 08:47:26 [INFO] SceneWorker::callbackProgress :  100
2024-04-30 08:47:26 [INFO] SceneWorker::m_bCancel :  false
2024-04-30 08:47:26 [INFO] backupScene end!
2024-04-30 08:47:26 [INFO] uiState:  true
2024-04-30 08:47:26 [WARN] enableMenuShortcut menushort cut: 0
2024-04-30 08:57:21 [INFO] check Backup Secene!
2024-04-30 08:57:26 [INFO] get idle state:  true
2024-04-30 08:57:26 [INFO] backupScene start!
2024-04-30 08:57:26 [INFO] uiState:  false
2024-04-30 08:57:26 [WARN] enableMenuShortcut menushort cut: 8
2024-04-30 08:57:26 [INFO] SceneWorker::callbackProgress :  99
2024-04-30 08:57:26 [INFO] SceneWorker::m_bCancel :  false
2024-04-30 08:57:26 [INFO] SceneWorker::callbackProgress :  0
2024-04-30 08:57:26 [INFO] SceneWorker::m_bCancel :  false
2024-04-30 08:57:26 [INFO] SceneWorker::callbackProgress :  0
2024-04-30 08:57:26 [INFO] SceneWorker::m_bCancel :  false
2024-04-30 08:57:26 [INFO] SceneWorker::callbackProgress :  0
2024-04-30 08:57:26 [INFO] SceneWorker::m_bCancel :  false
2024-04-30 08:57:26 [INFO] SceneWorker::callbackProgress :  0
2024-04-30 08:57:26 [INFO] SceneWorker::m_bCancel :  false
2024-04-30 08:57:26 [INFO] SceneWorker::callbackProgress :  100
2024-04-30 08:57:26 [INFO] SceneWorker::m_bCancel :  false
2024-04-30 08:57:26 [INFO] backupScene end!
2024-04-30 08:57:26 [INFO] uiState:  true
2024-04-30 08:57:26 [WARN] enableMenuShortcut menushort cut: 0
2024-04-30 09:07:21 [INFO] check Backup Secene!
2024-04-30 09:07:26 [INFO] get idle state:  true
2024-04-30 09:07:26 [INFO] backupScene start!
2024-04-30 09:07:26 [INFO] uiState:  false
2024-04-30 09:07:26 [WARN] enableMenuShortcut menushort cut: 8
2024-04-30 09:07:26 [INFO] SceneWorker::callbackProgress :  99
2024-04-30 09:07:26 [INFO] SceneWorker::m_bCancel :  false
2024-04-30 09:07:26 [INFO] SceneWorker::callbackProgress :  0
2024-04-30 09:07:26 [INFO] SceneWorker::m_bCancel :  false
2024-04-30 09:07:26 [INFO] SceneWorker::callbackProgress :  0
2024-04-30 09:07:26 [INFO] SceneWorker::m_bCancel :  false
2024-04-30 09:07:26 [INFO] SceneWorker::callbackProgress :  0
2024-04-30 09:07:26 [INFO] SceneWorker::m_bCancel :  false
2024-04-30 09:07:26 [INFO] SceneWorker::callbackProgress :  0
2024-04-30 09:07:26 [INFO] SceneWorker::m_bCancel :  false
2024-04-30 09:07:26 [INFO] SceneWorker::callbackProgress :  100
2024-04-30 09:07:26 [INFO] SceneWorker::m_bCancel :  false
2024-04-30 09:07:26 [INFO] backupScene end!
2024-04-30 09:07:26 [INFO] uiState:  true
2024-04-30 09:07:26 [WARN] enableMenuShortcut menushort cut: 0
2024-04-30 09:17:21 [INFO] check Backup Secene!
2024-04-30 09:17:26 [INFO] get idle state:  true
2024-04-30 09:17:26 [INFO] backupScene start!
2024-04-30 09:17:26 [INFO] uiState:  false
2024-04-30 09:17:26 [WARN] enableMenuShortcut menushort cut: 8
2024-04-30 09:17:26 [INFO] SceneWorker::callbackProgress :  99
2024-04-30 09:17:26 [INFO] SceneWorker::m_bCancel :  false
2024-04-30 09:17:26 [INFO] SceneWorker::callbackProgress :  0
2024-04-30 09:17:26 [INFO] SceneWorker::m_bCancel :  false
2024-04-30 09:17:26 [INFO] SceneWorker::callbackProgress :  0
2024-04-30 09:17:26 [INFO] SceneWorker::m_bCancel :  false
2024-04-30 09:17:26 [INFO] SceneWorker::callbackProgress :  0
2024-04-30 09:17:26 [INFO] SceneWorker::m_bCancel :  false
2024-04-30 09:17:26 [INFO] SceneWorker::callbackProgress :  0
2024-04-30 09:17:26 [INFO] SceneWorker::m_bCancel :  false
2024-04-30 09:17:26 [INFO] SceneWorker::callbackProgress :  100
2024-04-30 09:17:26 [INFO] SceneWorker::m_bCancel :  false
2024-04-30 09:17:26 [INFO] backupScene end!
2024-04-30 09:17:26 [INFO] uiState:  true
2024-04-30 09:17:26 [WARN] enableMenuShortcut menushort cut: 0
2024-04-30 09:27:21 [INFO] check Backup Secene!
2024-04-30 09:27:26 [INFO] get idle state:  true
2024-04-30 09:27:26 [INFO] backupScene start!
2024-04-30 09:27:26 [INFO] uiState:  false
2024-04-30 09:27:26 [WARN] enableMenuShortcut menushort cut: 8
2024-04-30 09:27:26 [INFO] SceneWorker::callbackProgress :  99
2024-04-30 09:27:26 [INFO] SceneWorker::m_bCancel :  false
2024-04-30 09:27:26 [INFO] SceneWorker::callbackProgress :  0
2024-04-30 09:27:26 [INFO] SceneWorker::m_bCancel :  false
2024-04-30 09:27:26 [INFO] SceneWorker::callbackProgress :  0
2024-04-30 09:27:26 [INFO] SceneWorker::m_bCancel :  false
2024-04-30 09:27:26 [INFO] SceneWorker::callbackProgress :  0
2024-04-30 09:27:26 [INFO] SceneWorker::m_bCancel :  false
2024-04-30 09:27:26 [INFO] SceneWorker::callbackProgress :  0
2024-04-30 09:27:26 [INFO] SceneWorker::m_bCancel :  false
2024-04-30 09:27:26 [INFO] SceneWorker::callbackProgress :  100
2024-04-30 09:27:26 [INFO] SceneWorker::m_bCancel :  false
2024-04-30 09:27:26 [INFO] backupScene end!
2024-04-30 09:27:26 [INFO] uiState:  true
2024-04-30 09:27:26 [WARN] enableMenuShortcut menushort cut: 0
2024-04-30 09:37:21 [INFO] check Backup Secene!
2024-04-30 09:37:26 [INFO] get idle state:  true
2024-04-30 09:37:26 [INFO] backupScene start!
2024-04-30 09:37:26 [INFO] uiState:  false
2024-04-30 09:37:26 [WARN] enableMenuShortcut menushort cut: 8
2024-04-30 09:37:26 [INFO] SceneWorker::callbackProgress :  99
2024-04-30 09:37:26 [INFO] SceneWorker::m_bCancel :  false
2024-04-30 09:37:26 [INFO] SceneWorker::callbackProgress :  0
2024-04-30 09:37:26 [INFO] SceneWorker::m_bCancel :  false
2024-04-30 09:37:26 [INFO] SceneWorker::callbackProgress :  0
2024-04-30 09:37:26 [INFO] SceneWorker::m_bCancel :  false
2024-04-30 09:37:26 [INFO] SceneWorker::callbackProgress :  0
2024-04-30 09:37:26 [INFO] SceneWorker::m_bCancel :  false
2024-04-30 09:37:26 [INFO] SceneWorker::callbackProgress :  0
2024-04-30 09:37:26 [INFO] SceneWorker::m_bCancel :  false
2024-04-30 09:37:26 [INFO] SceneWorker::callbackProgress :  100
2024-04-30 09:37:26 [INFO] SceneWorker::m_bCancel :  false
2024-04-30 09:37:26 [INFO] backupScene end!
2024-04-30 09:37:26 [INFO] uiState:  true
2024-04-30 09:37:26 [WARN] enableMenuShortcut menushort cut: 0
2024-04-30 09:47:21 [INFO] check Backup Secene!
2024-04-30 09:47:26 [INFO] get idle state:  true
2024-04-30 09:47:26 [INFO] backupScene start!
2024-04-30 09:47:26 [INFO] uiState:  false
2024-04-30 09:47:26 [WARN] enableMenuShortcut menushort cut: 8
2024-04-30 09:47:26 [INFO] SceneWorker::callbackProgress :  99
2024-04-30 09:47:26 [INFO] SceneWorker::m_bCancel :  false
2024-04-30 09:47:26 [INFO] SceneWorker::callbackProgress :  0
2024-04-30 09:47:26 [INFO] SceneWorker::m_bCancel :  false
2024-04-30 09:47:26 [INFO] SceneWorker::callbackProgress :  0
2024-04-30 09:47:26 [INFO] SceneWorker::m_bCancel :  false
2024-04-30 09:47:26 [INFO] SceneWorker::callbackProgress :  0
2024-04-30 09:47:26 [INFO] SceneWorker::m_bCancel :  false
2024-04-30 09:47:26 [INFO] SceneWorker::callbackProgress :  0
2024-04-30 09:47:26 [INFO] SceneWorker::m_bCancel :  false
2024-04-30 09:47:26 [INFO] SceneWorker::callbackProgress :  100
2024-04-30 09:47:26 [INFO] SceneWorker::m_bCancel :  false
2024-04-30 09:47:26 [INFO] backupScene end!
2024-04-30 09:47:26 [INFO] uiState:  true
2024-04-30 09:47:26 [WARN] enableMenuShortcut menushort cut: 0
2024-04-30 09:57:21 [INFO] check Backup Secene!
2024-04-30 09:57:26 [INFO] get idle state:  true
2024-04-30 09:57:26 [INFO] backupScene start!
2024-04-30 09:57:26 [INFO] uiState:  false
2024-04-30 09:57:26 [WARN] enableMenuShortcut menushort cut: 8
2024-04-30 09:57:26 [INFO] SceneWorker::callbackProgress :  99
2024-04-30 09:57:26 [INFO] SceneWorker::m_bCancel :  false
2024-04-30 09:57:26 [INFO] SceneWorker::callbackProgress :  0
2024-04-30 09:57:26 [INFO] SceneWorker::m_bCancel :  false
2024-04-30 09:57:26 [INFO] SceneWorker::callbackProgress :  0
2024-04-30 09:57:26 [INFO] SceneWorker::m_bCancel :  false
2024-04-30 09:57:26 [INFO] SceneWorker::callbackProgress :  0
2024-04-30 09:57:26 [INFO] SceneWorker::m_bCancel :  false
2024-04-30 09:57:26 [INFO] SceneWorker::callbackProgress :  0
2024-04-30 09:57:26 [INFO] SceneWorker::m_bCancel :  false
2024-04-30 09:57:26 [INFO] SceneWorker::callbackProgress :  100
2024-04-30 09:57:26 [INFO] SceneWorker::m_bCancel :  false
2024-04-30 09:57:26 [INFO] backupScene end!
2024-04-30 09:57:26 [INFO] uiState:  true
2024-04-30 09:57:26 [WARN] enableMenuShortcut menushort cut: 0
2024-04-30 10:07:21 [INFO] check Backup Secene!
2024-04-30 10:07:26 [INFO] get idle state:  true
2024-04-30 10:07:26 [INFO] backupScene start!
2024-04-30 10:07:26 [INFO] uiState:  false
2024-04-30 10:07:26 [WARN] enableMenuShortcut menushort cut: 8
2024-04-30 10:07:26 [INFO] SceneWorker::callbackProgress :  99
2024-04-30 10:07:26 [INFO] SceneWorker::m_bCancel :  false
2024-04-30 10:07:26 [INFO] SceneWorker::callbackProgress :  0
2024-04-30 10:07:26 [INFO] SceneWorker::m_bCancel :  false
2024-04-30 10:07:26 [INFO] SceneWorker::callbackProgress :  0
2024-04-30 10:07:26 [INFO] SceneWorker::m_bCancel :  false
2024-04-30 10:07:26 [INFO] SceneWorker::callbackProgress :  0
2024-04-30 10:07:26 [INFO] SceneWorker::m_bCancel :  false
2024-04-30 10:07:26 [INFO] SceneWorker::callbackProgress :  0
2024-04-30 10:07:26 [INFO] SceneWorker::m_bCancel :  false
2024-04-30 10:07:26 [INFO] SceneWorker::callbackProgress :  100
2024-04-30 10:07:26 [INFO] SceneWorker::m_bCancel :  false
2024-04-30 10:07:26 [INFO] backupScene end!
2024-04-30 10:07:26 [INFO] uiState:  true
2024-04-30 10:07:26 [WARN] enableMenuShortcut menushort cut: 0
2024-04-30 10:17:21 [INFO] check Backup Secene!
2024-04-30 10:17:26 [INFO] get idle state:  true
2024-04-30 10:17:26 [INFO] backupScene start!
2024-04-30 10:17:26 [INFO] uiState:  false
2024-04-30 10:17:26 [WARN] enableMenuShortcut menushort cut: 8
2024-04-30 10:17:26 [INFO] SceneWorker::callbackProgress :  99
2024-04-30 10:17:26 [INFO] SceneWorker::m_bCancel :  false
2024-04-30 10:17:26 [INFO] SceneWorker::callbackProgress :  0
2024-04-30 10:17:26 [INFO] SceneWorker::m_bCancel :  false
2024-04-30 10:17:26 [INFO] SceneWorker::callbackProgress :  0
2024-04-30 10:17:26 [INFO] SceneWorker::m_bCancel :  false
2024-04-30 10:17:26 [INFO] SceneWorker::callbackProgress :  0
2024-04-30 10:17:26 [INFO] SceneWorker::m_bCancel :  false
2024-04-30 10:17:26 [INFO] SceneWorker::callbackProgress :  0
2024-04-30 10:17:26 [INFO] SceneWorker::m_bCancel :  false
2024-04-30 10:17:26 [INFO] SceneWorker::callbackProgress :  100
2024-04-30 10:17:26 [INFO] SceneWorker::m_bCancel :  false
2024-04-30 10:17:26 [INFO] backupScene end!
2024-04-30 10:17:26 [INFO] uiState:  true
2024-04-30 10:17:26 [WARN] enableMenuShortcut menushort cut: 0
2024-04-30 10:27:21 [INFO] check Backup Secene!
2024-04-30 10:27:26 [INFO] get idle state:  true
2024-04-30 10:27:26 [INFO] backupScene start!
2024-04-30 10:27:26 [INFO] uiState:  false
2024-04-30 10:27:26 [WARN] enableMenuShortcut menushort cut: 8
2024-04-30 10:27:26 [INFO] SceneWorker::callbackProgress :  99
2024-04-30 10:27:26 [INFO] SceneWorker::m_bCancel :  false
2024-04-30 10:27:26 [INFO] SceneWorker::callbackProgress :  0
2024-04-30 10:27:26 [INFO] SceneWorker::m_bCancel :  false
2024-04-30 10:27:26 [INFO] SceneWorker::callbackProgress :  0
2024-04-30 10:27:26 [INFO] SceneWorker::m_bCancel :  false
2024-04-30 10:27:26 [INFO] SceneWorker::callbackProgress :  0
2024-04-30 10:27:26 [INFO] SceneWorker::m_bCancel :  false
2024-04-30 10:27:26 [INFO] SceneWorker::callbackProgress :  0
2024-04-30 10:27:26 [INFO] SceneWorker::m_bCancel :  false
2024-04-30 10:27:26 [INFO] SceneWorker::callbackProgress :  100
2024-04-30 10:27:26 [INFO] SceneWorker::m_bCancel :  false
2024-04-30 10:27:26 [INFO] backupScene end!
2024-04-30 10:27:26 [INFO] uiState:  true
2024-04-30 10:27:26 [WARN] enableMenuShortcut menushort cut: 0
2024-04-30 10:37:21 [INFO] check Backup Secene!
2024-04-30 10:37:26 [INFO] get idle state:  true
2024-04-30 10:37:26 [INFO] backupScene start!
2024-04-30 10:37:26 [INFO] uiState:  false
2024-04-30 10:37:26 [WARN] enableMenuShortcut menushort cut: 8
2024-04-30 10:37:26 [INFO] SceneWorker::callbackProgress :  99
2024-04-30 10:37:26 [INFO] SceneWorker::m_bCancel :  false
2024-04-30 10:37:26 [INFO] SceneWorker::callbackProgress :  0
2024-04-30 10:37:26 [INFO] SceneWorker::m_bCancel :  false
2024-04-30 10:37:26 [INFO] SceneWorker::callbackProgress :  0
2024-04-30 10:37:26 [INFO] SceneWorker::m_bCancel :  false
2024-04-30 10:37:26 [INFO] SceneWorker::callbackProgress :  0
2024-04-30 10:37:26 [INFO] SceneWorker::m_bCancel :  false
2024-04-30 10:37:26 [INFO] SceneWorker::callbackProgress :  0
2024-04-30 10:37:26 [INFO] SceneWorker::m_bCancel :  false
2024-04-30 10:37:26 [INFO] SceneWorker::callbackProgress :  100
2024-04-30 10:37:26 [INFO] SceneWorker::m_bCancel :  false
2024-04-30 10:37:26 [INFO] backupScene end!
2024-04-30 10:37:26 [INFO] uiState:  true
2024-04-30 10:37:26 [WARN] enableMenuShortcut menushort cut: 0
2024-04-30 10:47:21 [INFO] check Backup Secene!
2024-04-30 10:47:26 [INFO] get idle state:  true
2024-04-30 10:47:26 [INFO] backupScene start!
2024-04-30 10:47:26 [INFO] uiState:  false
2024-04-30 10:47:26 [WARN] enableMenuShortcut menushort cut: 8
2024-04-30 10:47:26 [INFO] SceneWorker::callbackProgress :  99
2024-04-30 10:47:26 [INFO] SceneWorker::m_bCancel :  false
2024-04-30 10:47:26 [INFO] SceneWorker::callbackProgress :  0
2024-04-30 10:47:26 [INFO] SceneWorker::m_bCancel :  false
2024-04-30 10:47:26 [INFO] SceneWorker::callbackProgress :  0
2024-04-30 10:47:26 [INFO] SceneWorker::m_bCancel :  false
2024-04-30 10:47:26 [INFO] SceneWorker::callbackProgress :  0
2024-04-30 10:47:26 [INFO] SceneWorker::m_bCancel :  false
2024-04-30 10:47:26 [INFO] SceneWorker::callbackProgress :  0
2024-04-30 10:47:26 [INFO] SceneWorker::m_bCancel :  false
2024-04-30 10:47:26 [INFO] SceneWorker::callbackProgress :  100
2024-04-30 10:47:26 [INFO] SceneWorker::m_bCancel :  false
2024-04-30 10:47:26 [INFO] backupScene end!
2024-04-30 10:47:26 [INFO] uiState:  true
2024-04-30 10:47:26 [WARN] enableMenuShortcut menushort cut: 0
2024-04-30 10:57:21 [INFO] check Backup Secene!
2024-04-30 10:57:26 [INFO] get idle state:  true
2024-04-30 10:57:26 [INFO] backupScene start!
2024-04-30 10:57:26 [INFO] uiState:  false
2024-04-30 10:57:26 [WARN] enableMenuShortcut menushort cut: 8
2024-04-30 10:57:26 [INFO] SceneWorker::callbackProgress :  99
2024-04-30 10:57:26 [INFO] SceneWorker::m_bCancel :  false
2024-04-30 10:57:26 [INFO] SceneWorker::callbackProgress :  0
2024-04-30 10:57:26 [INFO] SceneWorker::m_bCancel :  false
2024-04-30 10:57:26 [INFO] SceneWorker::callbackProgress :  0
2024-04-30 10:57:26 [INFO] SceneWorker::m_bCancel :  false
2024-04-30 10:57:26 [INFO] SceneWorker::callbackProgress :  0
2024-04-30 10:57:26 [INFO] SceneWorker::m_bCancel :  false
2024-04-30 10:57:26 [INFO] SceneWorker::callbackProgress :  0
2024-04-30 10:57:26 [INFO] SceneWorker::m_bCancel :  false
2024-04-30 10:57:26 [INFO] SceneWorker::callbackProgress :  100
2024-04-30 10:57:26 [INFO] SceneWorker::m_bCancel :  false
2024-04-30 10:57:26 [INFO] backupScene end!
2024-04-30 10:57:26 [INFO] uiState:  true
2024-04-30 10:57:26 [WARN] enableMenuShortcut menushort cut: 0
2024-04-30 11:07:21 [INFO] check Backup Secene!
2024-04-30 11:07:26 [INFO] get idle state:  true
2024-04-30 11:07:26 [INFO] backupScene start!
2024-04-30 11:07:26 [INFO] uiState:  false
2024-04-30 11:07:26 [WARN] enableMenuShortcut menushort cut: 8
2024-04-30 11:07:26 [INFO] SceneWorker::callbackProgress :  99
2024-04-30 11:07:26 [INFO] SceneWorker::m_bCancel :  false
2024-04-30 11:07:26 [INFO] SceneWorker::callbackProgress :  0
2024-04-30 11:07:26 [INFO] SceneWorker::m_bCancel :  false
2024-04-30 11:07:26 [INFO] SceneWorker::callbackProgress :  0
2024-04-30 11:07:26 [INFO] SceneWorker::m_bCancel :  false
2024-04-30 11:07:26 [INFO] SceneWorker::callbackProgress :  0
2024-04-30 11:07:26 [INFO] SceneWorker::m_bCancel :  false
2024-04-30 11:07:26 [INFO] SceneWorker::callbackProgress :  0
2024-04-30 11:07:26 [INFO] SceneWorker::m_bCancel :  false
2024-04-30 11:07:26 [INFO] SceneWorker::callbackProgress :  100
2024-04-30 11:07:26 [INFO] SceneWorker::m_bCancel :  false
2024-04-30 11:07:26 [INFO] backupScene end!
2024-04-30 11:07:26 [INFO] uiState:  true
2024-04-30 11:07:26 [WARN] enableMenuShortcut menushort cut: 0
2024-04-30 11:17:21 [INFO] check Backup Secene!
2024-04-30 11:17:26 [INFO] get idle state:  true
2024-04-30 11:17:26 [INFO] backupScene start!
2024-04-30 11:17:26 [INFO] uiState:  false
2024-04-30 11:17:26 [WARN] enableMenuShortcut menushort cut: 8
2024-04-30 11:17:26 [INFO] SceneWorker::callbackProgress :  99
2024-04-30 11:17:26 [INFO] SceneWorker::m_bCancel :  false
2024-04-30 11:17:26 [INFO] SceneWorker::callbackProgress :  0
2024-04-30 11:17:26 [INFO] SceneWorker::m_bCancel :  false
2024-04-30 11:17:26 [INFO] SceneWorker::callbackProgress :  0
2024-04-30 11:17:26 [INFO] SceneWorker::m_bCancel :  false
2024-04-30 11:17:26 [INFO] SceneWorker::callbackProgress :  0
2024-04-30 11:17:26 [INFO] SceneWorker::m_bCancel :  false
2024-04-30 11:17:26 [INFO] SceneWorker::callbackProgress :  0
2024-04-30 11:17:26 [INFO] SceneWorker::m_bCancel :  false
2024-04-30 11:17:26 [INFO] SceneWorker::callbackProgress :  100
2024-04-30 11:17:26 [INFO] SceneWorker::m_bCancel :  false
2024-04-30 11:17:26 [INFO] backupScene end!
2024-04-30 11:17:26 [INFO] uiState:  true
2024-04-30 11:17:26 [WARN] enableMenuShortcut menushort cut: 0
2024-04-30 11:27:21 [INFO] check Backup Secene!
2024-04-30 11:27:26 [INFO] get idle state:  true
2024-04-30 11:27:26 [INFO] backupScene start!
2024-04-30 11:27:26 [INFO] uiState:  false
2024-04-30 11:27:26 [WARN] enableMenuShortcut menushort cut: 8
2024-04-30 11:27:26 [INFO] SceneWorker::callbackProgress :  99
2024-04-30 11:27:26 [INFO] SceneWorker::m_bCancel :  false
2024-04-30 11:27:26 [INFO] SceneWorker::callbackProgress :  0
2024-04-30 11:27:26 [INFO] SceneWorker::m_bCancel :  false
2024-04-30 11:27:26 [INFO] SceneWorker::callbackProgress :  0
2024-04-30 11:27:26 [INFO] SceneWorker::m_bCancel :  false
2024-04-30 11:27:26 [INFO] SceneWorker::callbackProgress :  0
2024-04-30 11:27:26 [INFO] SceneWorker::m_bCancel :  false
2024-04-30 11:27:26 [INFO] SceneWorker::callbackProgress :  0
2024-04-30 11:27:26 [INFO] SceneWorker::m_bCancel :  false
2024-04-30 11:27:26 [INFO] SceneWorker::callbackProgress :  100
2024-04-30 11:27:26 [INFO] SceneWorker::m_bCancel :  false
2024-04-30 11:27:26 [INFO] backupScene end!
2024-04-30 11:27:26 [INFO] uiState:  true
2024-04-30 11:27:26 [WARN] enableMenuShortcut menushort cut: 0
2024-04-30 11:37:21 [INFO] check Backup Secene!
2024-04-30 11:37:26 [INFO] get idle state:  true
2024-04-30 11:37:26 [INFO] backupScene start!
2024-04-30 11:37:26 [INFO] uiState:  false
2024-04-30 11:37:26 [WARN] enableMenuShortcut menushort cut: 8
2024-04-30 11:37:26 [INFO] SceneWorker::callbackProgress :  99
2024-04-30 11:37:26 [INFO] SceneWorker::m_bCancel :  false
2024-04-30 11:37:26 [INFO] SceneWorker::callbackProgress :  0
2024-04-30 11:37:26 [INFO] SceneWorker::m_bCancel :  false
2024-04-30 11:37:26 [INFO] SceneWorker::callbackProgress :  0
2024-04-30 11:37:26 [INFO] SceneWorker::m_bCancel :  false
2024-04-30 11:37:26 [INFO] SceneWorker::callbackProgress :  0
2024-04-30 11:37:26 [INFO] SceneWorker::m_bCancel :  false
2024-04-30 11:37:26 [INFO] SceneWorker::callbackProgress :  0
2024-04-30 11:37:26 [INFO] SceneWorker::m_bCancel :  false
2024-04-30 11:37:26 [INFO] SceneWorker::callbackProgress :  100
2024-04-30 11:37:26 [INFO] SceneWorker::m_bCancel :  false
2024-04-30 11:37:26 [INFO] backupScene end!
2024-04-30 11:37:26 [INFO] uiState:  true
2024-04-30 11:37:26 [WARN] enableMenuShortcut menushort cut: 0
2024-04-30 11:47:21 [INFO] check Backup Secene!
2024-04-30 11:47:26 [INFO] get idle state:  true
2024-04-30 11:47:26 [INFO] backupScene start!
2024-04-30 11:47:26 [INFO] uiState:  false
2024-04-30 11:47:26 [WARN] enableMenuShortcut menushort cut: 8
2024-04-30 11:47:26 [INFO] SceneWorker::callbackProgress :  99
2024-04-30 11:47:26 [INFO] SceneWorker::m_bCancel :  false
2024-04-30 11:47:26 [INFO] SceneWorker::callbackProgress :  0
2024-04-30 11:47:26 [INFO] SceneWorker::m_bCancel :  false
2024-04-30 11:47:26 [INFO] SceneWorker::callbackProgress :  0
2024-04-30 11:47:26 [INFO] SceneWorker::m_bCancel :  false
2024-04-30 11:47:26 [INFO] SceneWorker::callbackProgress :  0
2024-04-30 11:47:26 [INFO] SceneWorker::m_bCancel :  false
2024-04-30 11:47:26 [INFO] SceneWorker::callbackProgress :  0
2024-04-30 11:47:26 [INFO] SceneWorker::m_bCancel :  false
2024-04-30 11:47:26 [INFO] SceneWorker::callbackProgress :  100
2024-04-30 11:47:26 [INFO] SceneWorker::m_bCancel :  false
2024-04-30 11:47:26 [INFO] backupScene end!
2024-04-30 11:47:26 [INFO] uiState:  true
2024-04-30 11:47:26 [WARN] enableMenuShortcut menushort cut: 0
2024-04-30 11:57:21 [INFO] check Backup Secene!
2024-04-30 11:57:26 [INFO] get idle state:  true
2024-04-30 11:57:26 [INFO] backupScene start!
2024-04-30 11:57:26 [INFO] uiState:  false
2024-04-30 11:57:26 [WARN] enableMenuShortcut menushort cut: 8
2024-04-30 11:57:26 [INFO] SceneWorker::callbackProgress :  99
2024-04-30 11:57:26 [INFO] SceneWorker::m_bCancel :  false
2024-04-30 11:57:26 [INFO] SceneWorker::callbackProgress :  0
2024-04-30 11:57:26 [INFO] SceneWorker::m_bCancel :  false
2024-04-30 11:57:26 [INFO] SceneWorker::callbackProgress :  0
2024-04-30 11:57:26 [INFO] SceneWorker::m_bCancel :  false
2024-04-30 11:57:26 [INFO] SceneWorker::callbackProgress :  0
2024-04-30 11:57:26 [INFO] SceneWorker::m_bCancel :  false
2024-04-30 11:57:26 [INFO] SceneWorker::callbackProgress :  0
2024-04-30 11:57:26 [INFO] SceneWorker::m_bCancel :  false
2024-04-30 11:57:26 [INFO] SceneWorker::callbackProgress :  100
2024-04-30 11:57:26 [INFO] SceneWorker::m_bCancel :  false
2024-04-30 11:57:26 [INFO] backupScene end!
2024-04-30 11:57:26 [INFO] uiState:  true
2024-04-30 11:57:26 [WARN] enableMenuShortcut menushort cut: 0
2024-04-30 12:07:21 [INFO] check Backup Secene!
2024-04-30 12:07:26 [INFO] get idle state:  true
2024-04-30 12:07:26 [INFO] backupScene start!
2024-04-30 12:07:26 [INFO] uiState:  false
2024-04-30 12:07:26 [WARN] enableMenuShortcut menushort cut: 8
2024-04-30 12:07:26 [INFO] SceneWorker::callbackProgress :  99
2024-04-30 12:07:26 [INFO] SceneWorker::m_bCancel :  false
2024-04-30 12:07:26 [INFO] SceneWorker::callbackProgress :  0
2024-04-30 12:07:26 [INFO] SceneWorker::m_bCancel :  false
2024-04-30 12:07:26 [INFO] SceneWorker::callbackProgress :  0
2024-04-30 12:07:26 [INFO] SceneWorker::m_bCancel :  false
2024-04-30 12:07:26 [INFO] SceneWorker::callbackProgress :  0
2024-04-30 12:07:26 [INFO] SceneWorker::m_bCancel :  false
2024-04-30 12:07:26 [INFO] SceneWorker::callbackProgress :  0
2024-04-30 12:07:26 [INFO] SceneWorker::m_bCancel :  false
2024-04-30 12:07:26 [INFO] SceneWorker::callbackProgress :  100
2024-04-30 12:07:26 [INFO] SceneWorker::m_bCancel :  false
2024-04-30 12:07:26 [INFO] backupScene end!
2024-04-30 12:07:26 [INFO] uiState:  true
2024-04-30 12:07:26 [WARN] enableMenuShortcut menushort cut: 0
2024-04-30 12:17:21 [INFO] check Backup Secene!
2024-04-30 12:17:26 [INFO] get idle state:  true
2024-04-30 12:17:26 [INFO] backupScene start!
2024-04-30 12:17:26 [INFO] uiState:  false
2024-04-30 12:17:26 [WARN] enableMenuShortcut menushort cut: 8
2024-04-30 12:17:26 [INFO] SceneWorker::callbackProgress :  99
2024-04-30 12:17:26 [INFO] SceneWorker::m_bCancel :  false
2024-04-30 12:17:26 [INFO] SceneWorker::callbackProgress :  0
2024-04-30 12:17:26 [INFO] SceneWorker::m_bCancel :  false
2024-04-30 12:17:26 [INFO] SceneWorker::callbackProgress :  0
2024-04-30 12:17:26 [INFO] SceneWorker::m_bCancel :  false
2024-04-30 12:17:26 [INFO] SceneWorker::callbackProgress :  0
2024-04-30 12:17:26 [INFO] SceneWorker::m_bCancel :  false
2024-04-30 12:17:26 [INFO] SceneWorker::callbackProgress :  0
2024-04-30 12:17:26 [INFO] SceneWorker::m_bCancel :  false
2024-04-30 12:17:26 [INFO] SceneWorker::callbackProgress :  100
2024-04-30 12:17:26 [INFO] SceneWorker::m_bCancel :  false
2024-04-30 12:17:26 [INFO] backupScene end!
2024-04-30 12:17:26 [INFO] uiState:  true
2024-04-30 12:17:26 [WARN] enableMenuShortcut menushort cut: 0
2024-04-30 12:27:21 [INFO] check Backup Secene!
2024-04-30 12:27:26 [INFO] get idle state:  true
2024-04-30 12:27:26 [INFO] backupScene start!
2024-04-30 12:27:26 [INFO] uiState:  false
2024-04-30 12:27:26 [WARN] enableMenuShortcut menushort cut: 8
2024-04-30 12:27:26 [INFO] SceneWorker::callbackProgress :  99
2024-04-30 12:27:26 [INFO] SceneWorker::m_bCancel :  false
2024-04-30 12:27:26 [INFO] SceneWorker::callbackProgress :  0
2024-04-30 12:27:26 [INFO] SceneWorker::m_bCancel :  false
2024-04-30 12:27:26 [INFO] SceneWorker::callbackProgress :  0
2024-04-30 12:27:26 [INFO] SceneWorker::m_bCancel :  false
2024-04-30 12:27:26 [INFO] SceneWorker::callbackProgress :  0
2024-04-30 12:27:26 [INFO] SceneWorker::m_bCancel :  false
2024-04-30 12:27:26 [INFO] SceneWorker::callbackProgress :  0
2024-04-30 12:27:26 [INFO] SceneWorker::m_bCancel :  false
2024-04-30 12:27:26 [INFO] SceneWorker::callbackProgress :  100
2024-04-30 12:27:26 [INFO] SceneWorker::m_bCancel :  false
2024-04-30 12:27:26 [INFO] backupScene end!
2024-04-30 12:27:26 [INFO] uiState:  true
2024-04-30 12:27:26 [WARN] enableMenuShortcut menushort cut: 0
2024-04-30 12:37:21 [INFO] check Backup Secene!
2024-04-30 12:37:26 [INFO] get idle state:  true
2024-04-30 12:37:26 [INFO] backupScene start!
2024-04-30 12:37:26 [INFO] uiState:  false
2024-04-30 12:37:26 [WARN] enableMenuShortcut menushort cut: 8
2024-04-30 12:37:26 [INFO] SceneWorker::callbackProgress :  99
2024-04-30 12:37:26 [INFO] SceneWorker::m_bCancel :  false
2024-04-30 12:37:26 [INFO] SceneWorker::callbackProgress :  0
2024-04-30 12:37:26 [INFO] SceneWorker::m_bCancel :  false
2024-04-30 12:37:26 [INFO] SceneWorker::callbackProgress :  0
2024-04-30 12:37:26 [INFO] SceneWorker::m_bCancel :  false
2024-04-30 12:37:26 [INFO] SceneWorker::callbackProgress :  0
2024-04-30 12:37:26 [INFO] SceneWorker::m_bCancel :  false
2024-04-30 12:37:26 [INFO] SceneWorker::callbackProgress :  0
2024-04-30 12:37:26 [INFO] SceneWorker::m_bCancel :  false
2024-04-30 12:37:26 [INFO] SceneWorker::callbackProgress :  100
2024-04-30 12:37:26 [INFO] SceneWorker::m_bCancel :  false
2024-04-30 12:37:26 [INFO] backupScene end!
2024-04-30 12:37:26 [INFO] uiState:  true
2024-04-30 12:37:26 [WARN] enableMenuShortcut menushort cut: 0
2024-04-30 12:47:21 [INFO] check Backup Secene!
2024-04-30 12:47:26 [INFO] get idle state:  true
2024-04-30 12:47:26 [INFO] backupScene start!
2024-04-30 12:47:26 [INFO] uiState:  false
2024-04-30 12:47:26 [INFO] SceneWorker::callbackProgress :  99
2024-04-30 12:47:26 [INFO] SceneWorker::m_bCancel :  false
2024-04-30 12:47:26 [INFO] SceneWorker::callbackProgress :  0
2024-04-30 12:47:26 [INFO] SceneWorker::m_bCancel :  false
2024-04-30 12:47:26 [INFO] SceneWorker::callbackProgress :  0
2024-04-30 12:47:26 [INFO] SceneWorker::m_bCancel :  false
2024-04-30 12:47:26 [INFO] SceneWorker::callbackProgress :  0
2024-04-30 12:47:26 [INFO] SceneWorker::m_bCancel :  false
2024-04-30 12:47:26 [INFO] SceneWorker::callbackProgress :  0
2024-04-30 12:47:26 [INFO] SceneWorker::m_bCancel :  false
2024-04-30 12:47:26 [INFO] SceneWorker::callbackProgress :  100
2024-04-30 12:47:26 [INFO] SceneWorker::m_bCancel :  false
2024-04-30 12:47:26 [INFO] backupScene end!
2024-04-30 12:47:26 [WARN] enableMenuShortcut menushort cut: 8
2024-04-30 12:47:26 [INFO] uiState:  true
2024-04-30 12:47:26 [WARN] enableMenuShortcut menushort cut: 0
2024-04-30 12:57:21 [INFO] check Backup Secene!
2024-04-30 12:57:26 [INFO] get idle state:  true
2024-04-30 12:57:26 [INFO] backupScene start!
2024-04-30 12:57:26 [INFO] uiState:  false
2024-04-30 12:57:26 [INFO] SceneWorker::callbackProgress :  99
2024-04-30 12:57:26 [INFO] SceneWorker::m_bCancel :  false
2024-04-30 12:57:26 [INFO] SceneWorker::callbackProgress :  0
2024-04-30 12:57:26 [INFO] SceneWorker::m_bCancel :  false
2024-04-30 12:57:26 [INFO] SceneWorker::callbackProgress :  0
2024-04-30 12:57:26 [INFO] SceneWorker::m_bCancel :  false
2024-04-30 12:57:26 [INFO] SceneWorker::callbackProgress :  0
2024-04-30 12:57:26 [INFO] SceneWorker::m_bCancel :  false
2024-04-30 12:57:26 [INFO] SceneWorker::callbackProgress :  0
2024-04-30 12:57:26 [INFO] SceneWorker::m_bCancel :  false
2024-04-30 12:57:26 [WARN] enableMenuShortcut menushort cut: 8
2024-04-30 12:57:26 [INFO] SceneWorker::callbackProgress :  100
2024-04-30 12:57:26 [INFO] SceneWorker::m_bCancel :  false
2024-04-30 12:57:26 [INFO] backupScene end!
2024-04-30 12:57:26 [INFO] uiState:  true
2024-04-30 12:57:26 [WARN] enableMenuShortcut menushort cut: 0
2024-04-30 13:07:21 [INFO] check Backup Secene!
2024-04-30 13:07:26 [INFO] get idle state:  true
2024-04-30 13:07:26 [INFO] backupScene start!
2024-04-30 13:07:26 [INFO] uiState:  false
2024-04-30 13:07:26 [WARN] enableMenuShortcut menushort cut: 8
2024-04-30 13:07:26 [INFO] SceneWorker::callbackProgress :  99
2024-04-30 13:07:26 [INFO] SceneWorker::m_bCancel :  false
2024-04-30 13:07:26 [INFO] SceneWorker::callbackProgress :  0
2024-04-30 13:07:26 [INFO] SceneWorker::m_bCancel :  false
2024-04-30 13:07:26 [INFO] SceneWorker::callbackProgress :  0
2024-04-30 13:07:26 [INFO] SceneWorker::m_bCancel :  false
2024-04-30 13:07:26 [INFO] SceneWorker::callbackProgress :  0
2024-04-30 13:07:26 [INFO] SceneWorker::m_bCancel :  false
2024-04-30 13:07:26 [INFO] SceneWorker::callbackProgress :  0
2024-04-30 13:07:26 [INFO] SceneWorker::m_bCancel :  false
2024-04-30 13:07:26 [INFO] SceneWorker::callbackProgress :  100
2024-04-30 13:07:26 [INFO] SceneWorker::m_bCancel :  false
2024-04-30 13:07:26 [INFO] backupScene end!
2024-04-30 13:07:26 [INFO] uiState:  true
2024-04-30 13:07:26 [WARN] enableMenuShortcut menushort cut: 0
2024-04-30 13:17:21 [INFO] check Backup Secene!
2024-04-30 13:17:26 [INFO] get idle state:  true
2024-04-30 13:17:26 [INFO] backupScene start!
2024-04-30 13:17:26 [INFO] uiState:  false
2024-04-30 13:17:26 [WARN] enableMenuShortcut menushort cut: 8
2024-04-30 13:17:26 [INFO] SceneWorker::callbackProgress :  99
2024-04-30 13:17:26 [INFO] SceneWorker::m_bCancel :  false
2024-04-30 13:17:26 [INFO] SceneWorker::callbackProgress :  0
2024-04-30 13:17:26 [INFO] SceneWorker::m_bCancel :  false
2024-04-30 13:17:26 [INFO] SceneWorker::callbackProgress :  0
2024-04-30 13:17:26 [INFO] SceneWorker::m_bCancel :  false
2024-04-30 13:17:26 [INFO] SceneWorker::callbackProgress :  0
2024-04-30 13:17:26 [INFO] SceneWorker::m_bCancel :  false
2024-04-30 13:17:26 [INFO] SceneWorker::callbackProgress :  0
2024-04-30 13:17:26 [INFO] SceneWorker::m_bCancel :  false
2024-04-30 13:17:26 [INFO] SceneWorker::callbackProgress :  100
2024-04-30 13:17:26 [INFO] SceneWorker::m_bCancel :  false
2024-04-30 13:17:26 [INFO] backupScene end!
2024-04-30 13:17:26 [INFO] uiState:  true
2024-04-30 13:17:26 [WARN] enableMenuShortcut menushort cut: 0
2024-04-30 13:27:21 [INFO] check Backup Secene!
2024-04-30 13:27:26 [INFO] get idle state:  true
2024-04-30 13:27:26 [INFO] backupScene start!
2024-04-30 13:27:26 [INFO] uiState:  false
2024-04-30 13:27:26 [WARN] enableMenuShortcut menushort cut: 8
2024-04-30 13:27:26 [INFO] SceneWorker::callbackProgress :  99
2024-04-30 13:27:26 [INFO] SceneWorker::m_bCancel :  false
2024-04-30 13:27:26 [INFO] SceneWorker::callbackProgress :  0
2024-04-30 13:27:26 [INFO] SceneWorker::m_bCancel :  false
2024-04-30 13:27:26 [INFO] SceneWorker::callbackProgress :  0
2024-04-30 13:27:26 [INFO] SceneWorker::m_bCancel :  false
2024-04-30 13:27:26 [INFO] SceneWorker::callbackProgress :  0
2024-04-30 13:27:26 [INFO] SceneWorker::m_bCancel :  false
2024-04-30 13:27:26 [INFO] SceneWorker::callbackProgress :  0
2024-04-30 13:27:26 [INFO] SceneWorker::m_bCancel :  false
2024-04-30 13:27:26 [INFO] SceneWorker::callbackProgress :  100
2024-04-30 13:27:26 [INFO] SceneWorker::m_bCancel :  false
2024-04-30 13:27:26 [INFO] backupScene end!
2024-04-30 13:27:26 [INFO] uiState:  true
2024-04-30 13:27:26 [WARN] enableMenuShortcut menushort cut: 0
2024-04-30 13:37:21 [INFO] check Backup Secene!
2024-04-30 13:37:26 [INFO] get idle state:  true
2024-04-30 13:37:26 [INFO] backupScene start!
2024-04-30 13:37:26 [INFO] uiState:  false
2024-04-30 13:37:26 [INFO] SceneWorker::callbackProgress :  99
2024-04-30 13:37:26 [INFO] SceneWorker::m_bCancel :  false
2024-04-30 13:37:26 [INFO] SceneWorker::callbackProgress :  0
2024-04-30 13:37:26 [INFO] SceneWorker::m_bCancel :  false
2024-04-30 13:37:26 [INFO] SceneWorker::callbackProgress :  0
2024-04-30 13:37:26 [INFO] SceneWorker::m_bCancel :  false
2024-04-30 13:37:26 [INFO] SceneWorker::callbackProgress :  0
2024-04-30 13:37:26 [INFO] SceneWorker::m_bCancel :  false
2024-04-30 13:37:26 [INFO] SceneWorker::callbackProgress :  0
2024-04-30 13:37:26 [INFO] SceneWorker::m_bCancel :  false
2024-04-30 13:37:26 [INFO] SceneWorker::callbackProgress :  100
2024-04-30 13:37:26 [INFO] SceneWorker::m_bCancel :  false
2024-04-30 13:37:26 [WARN] enableMenuShortcut menushort cut: 8
2024-04-30 13:37:26 [INFO] backupScene end!
2024-04-30 13:37:26 [INFO] uiState:  true
2024-04-30 13:37:26 [WARN] enableMenuShortcut menushort cut: 0
2024-04-30 13:47:21 [INFO] check Backup Secene!
2024-04-30 13:47:26 [INFO] get idle state:  true
2024-04-30 13:47:26 [INFO] backupScene start!
2024-04-30 13:47:26 [INFO] uiState:  false
2024-04-30 13:47:26 [WARN] enableMenuShortcut menushort cut: 8
2024-04-30 13:47:26 [INFO] SceneWorker::callbackProgress :  99
2024-04-30 13:47:26 [INFO] SceneWorker::m_bCancel :  false
2024-04-30 13:47:26 [INFO] SceneWorker::callbackProgress :  0
2024-04-30 13:47:26 [INFO] SceneWorker::m_bCancel :  false
2024-04-30 13:47:26 [INFO] SceneWorker::callbackProgress :  0
2024-04-30 13:47:26 [INFO] SceneWorker::m_bCancel :  false
2024-04-30 13:47:26 [INFO] SceneWorker::callbackProgress :  0
2024-04-30 13:47:26 [INFO] SceneWorker::m_bCancel :  false
2024-04-30 13:47:26 [INFO] SceneWorker::callbackProgress :  0
2024-04-30 13:47:26 [INFO] SceneWorker::m_bCancel :  false
2024-04-30 13:47:26 [INFO] SceneWorker::callbackProgress :  100
2024-04-30 13:47:26 [INFO] SceneWorker::m_bCancel :  false
2024-04-30 13:47:26 [INFO] backupScene end!
2024-04-30 13:47:26 [INFO] uiState:  true
2024-04-30 13:47:26 [WARN] enableMenuShortcut menushort cut: 0
2024-04-30 13:57:21 [INFO] check Backup Secene!
2024-04-30 13:57:26 [INFO] get idle state:  true
2024-04-30 13:57:26 [INFO] backupScene start!
2024-04-30 13:57:26 [INFO] uiState:  false
2024-04-30 13:57:26 [WARN] enableMenuShortcut menushort cut: 8
2024-04-30 13:57:26 [INFO] SceneWorker::callbackProgress :  99
2024-04-30 13:57:26 [INFO] SceneWorker::m_bCancel :  false
2024-04-30 13:57:26 [INFO] SceneWorker::callbackProgress :  0
2024-04-30 13:57:26 [INFO] SceneWorker::m_bCancel :  false
2024-04-30 13:57:26 [INFO] SceneWorker::callbackProgress :  0
2024-04-30 13:57:26 [INFO] SceneWorker::m_bCancel :  false
2024-04-30 13:57:26 [INFO] SceneWorker::callbackProgress :  0
2024-04-30 13:57:26 [INFO] SceneWorker::m_bCancel :  false
2024-04-30 13:57:26 [INFO] SceneWorker::callbackProgress :  0
2024-04-30 13:57:26 [INFO] SceneWorker::m_bCancel :  false
2024-04-30 13:57:26 [INFO] SceneWorker::callbackProgress :  100
2024-04-30 13:57:26 [INFO] SceneWorker::m_bCancel :  false
2024-04-30 13:57:26 [INFO] backupScene end!
2024-04-30 13:57:26 [INFO] uiState:  true
2024-04-30 13:57:26 [WARN] enableMenuShortcut menushort cut: 0
2024-04-30 14:07:21 [INFO] check Backup Secene!
2024-04-30 14:07:26 [INFO] get idle state:  true
2024-04-30 14:07:26 [INFO] backupScene start!
2024-04-30 14:07:26 [INFO] uiState:  false
2024-04-30 14:07:26 [WARN] enableMenuShortcut menushort cut: 8
2024-04-30 14:07:26 [INFO] SceneWorker::callbackProgress :  99
2024-04-30 14:07:26 [INFO] SceneWorker::m_bCancel :  false
2024-04-30 14:07:26 [INFO] SceneWorker::callbackProgress :  0
2024-04-30 14:07:26 [INFO] SceneWorker::m_bCancel :  false
2024-04-30 14:07:26 [INFO] SceneWorker::callbackProgress :  0
2024-04-30 14:07:26 [INFO] SceneWorker::m_bCancel :  false
2024-04-30 14:07:26 [INFO] SceneWorker::callbackProgress :  0
2024-04-30 14:07:26 [INFO] SceneWorker::m_bCancel :  false
2024-04-30 14:07:26 [INFO] SceneWorker::callbackProgress :  0
2024-04-30 14:07:26 [INFO] SceneWorker::m_bCancel :  false
2024-04-30 14:07:26 [INFO] SceneWorker::callbackProgress :  100
2024-04-30 14:07:26 [INFO] SceneWorker::m_bCancel :  false
2024-04-30 14:07:26 [INFO] backupScene end!
2024-04-30 14:07:26 [INFO] uiState:  true
2024-04-30 14:07:26 [WARN] enableMenuShortcut menushort cut: 0
2024-04-30 14:17:21 [INFO] check Backup Secene!
2024-04-30 14:17:26 [INFO] get idle state:  true
2024-04-30 14:17:26 [INFO] backupScene start!
2024-04-30 14:17:26 [INFO] uiState:  false
2024-04-30 14:17:26 [INFO] SceneWorker::callbackProgress :  99
2024-04-30 14:17:26 [INFO] SceneWorker::m_bCancel :  false
2024-04-30 14:17:26 [INFO] SceneWorker::callbackProgress :  0
2024-04-30 14:17:26 [INFO] SceneWorker::m_bCancel :  false
2024-04-30 14:17:26 [INFO] SceneWorker::callbackProgress :  0
2024-04-30 14:17:26 [INFO] SceneWorker::m_bCancel :  false
2024-04-30 14:17:26 [INFO] SceneWorker::callbackProgress :  0
2024-04-30 14:17:26 [INFO] SceneWorker::m_bCancel :  false
2024-04-30 14:17:26 [INFO] SceneWorker::callbackProgress :  0
2024-04-30 14:17:26 [INFO] SceneWorker::m_bCancel :  false
2024-04-30 14:17:26 [INFO] SceneWorker::callbackProgress :  100
2024-04-30 14:17:26 [INFO] SceneWorker::m_bCancel :  false
2024-04-30 14:17:26 [INFO] backupScene end!
2024-04-30 14:17:26 [WARN] enableMenuShortcut menushort cut: 8
2024-04-30 14:17:26 [INFO] uiState:  true
2024-04-30 14:17:26 [WARN] enableMenuShortcut menushort cut: 0
2024-04-30 14:27:21 [INFO] check Backup Secene!
2024-04-30 14:27:26 [INFO] get idle state:  true
2024-04-30 14:27:26 [INFO] backupScene start!
2024-04-30 14:27:26 [INFO] uiState:  false
2024-04-30 14:27:26 [WARN] enableMenuShortcut menushort cut: 8
2024-04-30 14:27:26 [INFO] SceneWorker::callbackProgress :  99
2024-04-30 14:27:26 [INFO] SceneWorker::m_bCancel :  false
2024-04-30 14:27:26 [INFO] SceneWorker::callbackProgress :  0
2024-04-30 14:27:26 [INFO] SceneWorker::m_bCancel :  false
2024-04-30 14:27:26 [INFO] SceneWorker::callbackProgress :  0
2024-04-30 14:27:26 [INFO] SceneWorker::m_bCancel :  false
2024-04-30 14:27:26 [INFO] SceneWorker::callbackProgress :  0
2024-04-30 14:27:26 [INFO] SceneWorker::m_bCancel :  false
2024-04-30 14:27:26 [INFO] SceneWorker::callbackProgress :  0
2024-04-30 14:27:26 [INFO] SceneWorker::m_bCancel :  false
2024-04-30 14:27:26 [INFO] SceneWorker::callbackProgress :  100
2024-04-30 14:27:26 [INFO] SceneWorker::m_bCancel :  false
2024-04-30 14:27:26 [INFO] backupScene end!
2024-04-30 14:27:26 [INFO] uiState:  true
2024-04-30 14:27:26 [WARN] enableMenuShortcut menushort cut: 0
2024-04-30 14:37:21 [INFO] check Backup Secene!
2024-04-30 14:37:26 [INFO] get idle state:  true
2024-04-30 14:37:26 [INFO] backupScene start!
2024-04-30 14:37:26 [INFO] uiState:  false
2024-04-30 14:37:26 [WARN] enableMenuShortcut menushort cut: 8
2024-04-30 14:37:26 [INFO] SceneWorker::callbackProgress :  99
2024-04-30 14:37:26 [INFO] SceneWorker::m_bCancel :  false
2024-04-30 14:37:26 [INFO] SceneWorker::callbackProgress :  0
2024-04-30 14:37:26 [INFO] SceneWorker::m_bCancel :  false
2024-04-30 14:37:26 [INFO] SceneWorker::callbackProgress :  0
2024-04-30 14:37:26 [INFO] SceneWorker::m_bCancel :  false
2024-04-30 14:37:26 [INFO] SceneWorker::callbackProgress :  0
2024-04-30 14:37:26 [INFO] SceneWorker::m_bCancel :  false
2024-04-30 14:37:26 [INFO] SceneWorker::callbackProgress :  0
2024-04-30 14:37:26 [INFO] SceneWorker::m_bCancel :  false
2024-04-30 14:37:26 [INFO] SceneWorker::callbackProgress :  100
2024-04-30 14:37:26 [INFO] SceneWorker::m_bCancel :  false
2024-04-30 14:37:26 [INFO] backupScene end!
2024-04-30 14:37:26 [INFO] uiState:  true
2024-04-30 14:37:26 [WARN] enableMenuShortcut menushort cut: 0
2024-04-30 14:47:21 [INFO] check Backup Secene!
2024-04-30 14:47:26 [INFO] get idle state:  true
2024-04-30 14:47:26 [INFO] backupScene start!
2024-04-30 14:47:26 [INFO] uiState:  false
2024-04-30 14:47:26 [WARN] enableMenuShortcut menushort cut: 8
2024-04-30 14:47:26 [INFO] SceneWorker::callbackProgress :  99
2024-04-30 14:47:26 [INFO] SceneWorker::m_bCancel :  false
2024-04-30 14:47:26 [INFO] SceneWorker::callbackProgress :  0
2024-04-30 14:47:26 [INFO] SceneWorker::m_bCancel :  false
2024-04-30 14:47:26 [INFO] SceneWorker::callbackProgress :  0
2024-04-30 14:47:26 [INFO] SceneWorker::m_bCancel :  false
2024-04-30 14:47:26 [INFO] SceneWorker::callbackProgress :  0
2024-04-30 14:47:26 [INFO] SceneWorker::m_bCancel :  false
2024-04-30 14:47:26 [INFO] SceneWorker::callbackProgress :  0
2024-04-30 14:47:26 [INFO] SceneWorker::m_bCancel :  false
2024-04-30 14:47:26 [INFO] SceneWorker::callbackProgress :  100
2024-04-30 14:47:26 [INFO] SceneWorker::m_bCancel :  false
2024-04-30 14:47:26 [INFO] backupScene end!
2024-04-30 14:47:26 [INFO] uiState:  true
2024-04-30 14:47:26 [WARN] enableMenuShortcut menushort cut: 0
2024-04-30 14:57:21 [INFO] check Backup Secene!
2024-04-30 14:57:26 [INFO] get idle state:  true
2024-04-30 14:57:26 [INFO] backupScene start!
2024-04-30 14:57:26 [INFO] uiState:  false
2024-04-30 14:57:26 [WARN] enableMenuShortcut menushort cut: 8
2024-04-30 14:57:26 [INFO] SceneWorker::callbackProgress :  99
2024-04-30 14:57:26 [INFO] SceneWorker::m_bCancel :  false
2024-04-30 14:57:26 [INFO] SceneWorker::callbackProgress :  0
2024-04-30 14:57:26 [INFO] SceneWorker::m_bCancel :  false
2024-04-30 14:57:26 [INFO] SceneWorker::callbackProgress :  0
2024-04-30 14:57:26 [INFO] SceneWorker::m_bCancel :  false
2024-04-30 14:57:26 [INFO] SceneWorker::callbackProgress :  0
2024-04-30 14:57:26 [INFO] SceneWorker::m_bCancel :  false
2024-04-30 14:57:26 [INFO] SceneWorker::callbackProgress :  0
2024-04-30 14:57:26 [INFO] SceneWorker::m_bCancel :  false
2024-04-30 14:57:26 [INFO] SceneWorker::callbackProgress :  100
2024-04-30 14:57:26 [INFO] SceneWorker::m_bCancel :  false
2024-04-30 14:57:26 [INFO] backupScene end!
2024-04-30 14:57:26 [INFO] uiState:  true
2024-04-30 14:57:26 [WARN] enableMenuShortcut menushort cut: 0
2024-04-30 15:07:21 [INFO] check Backup Secene!
2024-04-30 15:07:26 [INFO] get idle state:  true
2024-04-30 15:07:26 [INFO] backupScene start!
2024-04-30 15:07:26 [INFO] uiState:  false
2024-04-30 15:07:26 [WARN] enableMenuShortcut menushort cut: 8
2024-04-30 15:07:26 [INFO] SceneWorker::callbackProgress :  99
2024-04-30 15:07:26 [INFO] SceneWorker::m_bCancel :  false
2024-04-30 15:07:26 [INFO] SceneWorker::callbackProgress :  0
2024-04-30 15:07:26 [INFO] SceneWorker::m_bCancel :  false
2024-04-30 15:07:26 [INFO] SceneWorker::callbackProgress :  0
2024-04-30 15:07:26 [INFO] SceneWorker::m_bCancel :  false
2024-04-30 15:07:26 [INFO] SceneWorker::callbackProgress :  0
2024-04-30 15:07:26 [INFO] SceneWorker::m_bCancel :  false
2024-04-30 15:07:26 [INFO] SceneWorker::callbackProgress :  0
2024-04-30 15:07:26 [INFO] SceneWorker::m_bCancel :  false
2024-04-30 15:07:26 [INFO] SceneWorker::callbackProgress :  100
2024-04-30 15:07:26 [INFO] SceneWorker::m_bCancel :  false
2024-04-30 15:07:26 [INFO] backupScene end!
2024-04-30 15:07:26 [INFO] uiState:  true
2024-04-30 15:07:26 [WARN] enableMenuShortcut menushort cut: 0
2024-04-30 15:17:21 [INFO] check Backup Secene!
2024-04-30 15:17:26 [INFO] get idle state:  true
2024-04-30 15:17:26 [INFO] backupScene start!
2024-04-30 15:17:26 [INFO] uiState:  false
2024-04-30 15:17:26 [WARN] enableMenuShortcut menushort cut: 8
2024-04-30 15:17:26 [INFO] SceneWorker::callbackProgress :  99
2024-04-30 15:17:26 [INFO] SceneWorker::m_bCancel :  false
2024-04-30 15:17:26 [INFO] SceneWorker::callbackProgress :  0
2024-04-30 15:17:26 [INFO] SceneWorker::m_bCancel :  false
2024-04-30 15:17:26 [INFO] SceneWorker::callbackProgress :  0
2024-04-30 15:17:26 [INFO] SceneWorker::m_bCancel :  false
2024-04-30 15:17:26 [INFO] SceneWorker::callbackProgress :  0
2024-04-30 15:17:26 [INFO] SceneWorker::m_bCancel :  false
2024-04-30 15:17:26 [INFO] SceneWorker::callbackProgress :  0
2024-04-30 15:17:26 [INFO] SceneWorker::m_bCancel :  false
2024-04-30 15:17:26 [INFO] SceneWorker::callbackProgress :  100
2024-04-30 15:17:26 [INFO] SceneWorker::m_bCancel :  false
2024-04-30 15:17:26 [INFO] backupScene end!
2024-04-30 15:17:26 [INFO] uiState:  true
2024-04-30 15:17:26 [WARN] enableMenuShortcut menushort cut: 0
2024-04-30 15:27:21 [INFO] check Backup Secene!
2024-04-30 15:27:26 [INFO] get idle state:  true
2024-04-30 15:27:26 [INFO] backupScene start!
2024-04-30 15:27:26 [INFO] uiState:  false
2024-04-30 15:27:26 [WARN] enableMenuShortcut menushort cut: 8
2024-04-30 15:27:26 [INFO] SceneWorker::callbackProgress :  99
2024-04-30 15:27:26 [INFO] SceneWorker::m_bCancel :  false
2024-04-30 15:27:26 [INFO] SceneWorker::callbackProgress :  0
2024-04-30 15:27:26 [INFO] SceneWorker::m_bCancel :  false
2024-04-30 15:27:26 [INFO] SceneWorker::callbackProgress :  0
2024-04-30 15:27:26 [INFO] SceneWorker::m_bCancel :  false
2024-04-30 15:27:26 [INFO] SceneWorker::callbackProgress :  0
2024-04-30 15:27:26 [INFO] SceneWorker::m_bCancel :  false
2024-04-30 15:27:26 [INFO] SceneWorker::callbackProgress :  0
2024-04-30 15:27:26 [INFO] SceneWorker::m_bCancel :  false
2024-04-30 15:27:26 [INFO] SceneWorker::callbackProgress :  100
2024-04-30 15:27:26 [INFO] SceneWorker::m_bCancel :  false
2024-04-30 15:27:26 [INFO] backupScene end!
2024-04-30 15:27:26 [INFO] uiState:  true
2024-04-30 15:27:26 [WARN] enableMenuShortcut menushort cut: 0
2024-04-30 15:37:21 [INFO] check Backup Secene!
2024-04-30 15:37:26 [INFO] get idle state:  true
2024-04-30 15:37:26 [INFO] backupScene start!
2024-04-30 15:37:26 [INFO] uiState:  false
2024-04-30 15:37:26 [WARN] enableMenuShortcut menushort cut: 8
2024-04-30 15:37:26 [INFO] SceneWorker::callbackProgress :  99
2024-04-30 15:37:26 [INFO] SceneWorker::m_bCancel :  false
2024-04-30 15:37:26 [INFO] SceneWorker::callbackProgress :  0
2024-04-30 15:37:26 [INFO] SceneWorker::m_bCancel :  false
2024-04-30 15:37:26 [INFO] SceneWorker::callbackProgress :  0
2024-04-30 15:37:26 [INFO] SceneWorker::m_bCancel :  false
2024-04-30 15:37:26 [INFO] SceneWorker::callbackProgress :  0
2024-04-30 15:37:26 [INFO] SceneWorker::m_bCancel :  false
2024-04-30 15:37:26 [INFO] SceneWorker::callbackProgress :  0
2024-04-30 15:37:26 [INFO] SceneWorker::m_bCancel :  false
2024-04-30 15:37:26 [INFO] SceneWorker::callbackProgress :  100
2024-04-30 15:37:26 [INFO] SceneWorker::m_bCancel :  false
2024-04-30 15:37:26 [INFO] backupScene end!
2024-04-30 15:37:26 [INFO] uiState:  true
2024-04-30 15:37:26 [WARN] enableMenuShortcut menushort cut: 0
2024-04-30 15:47:21 [INFO] check Backup Secene!
2024-04-30 15:47:26 [INFO] get idle state:  true
2024-04-30 15:47:26 [INFO] backupScene start!
2024-04-30 15:47:26 [INFO] uiState:  false
2024-04-30 15:47:26 [WARN] enableMenuShortcut menushort cut: 8
2024-04-30 15:47:26 [INFO] SceneWorker::callbackProgress :  99
2024-04-30 15:47:26 [INFO] SceneWorker::m_bCancel :  false
2024-04-30 15:47:26 [INFO] SceneWorker::callbackProgress :  0
2024-04-30 15:47:26 [INFO] SceneWorker::m_bCancel :  false
2024-04-30 15:47:26 [INFO] SceneWorker::callbackProgress :  0
2024-04-30 15:47:26 [INFO] SceneWorker::m_bCancel :  false
2024-04-30 15:47:26 [INFO] SceneWorker::callbackProgress :  0
2024-04-30 15:47:26 [INFO] SceneWorker::m_bCancel :  false
2024-04-30 15:47:26 [INFO] SceneWorker::callbackProgress :  0
2024-04-30 15:47:26 [INFO] SceneWorker::m_bCancel :  false
2024-04-30 15:47:26 [INFO] SceneWorker::callbackProgress :  100
2024-04-30 15:47:26 [INFO] SceneWorker::m_bCancel :  false
2024-04-30 15:47:26 [INFO] backupScene end!
2024-04-30 15:47:26 [INFO] uiState:  true
2024-04-30 15:47:26 [WARN] enableMenuShortcut menushort cut: 0
2024-04-30 15:57:21 [INFO] check Backup Secene!
2024-04-30 15:57:26 [INFO] get idle state:  true
2024-04-30 15:57:26 [INFO] backupScene start!
2024-04-30 15:57:26 [INFO] uiState:  false
2024-04-30 15:57:26 [WARN] enableMenuShortcut menushort cut: 8
2024-04-30 15:57:26 [INFO] SceneWorker::callbackProgress :  99
2024-04-30 15:57:26 [INFO] SceneWorker::m_bCancel :  false
2024-04-30 15:57:26 [INFO] SceneWorker::callbackProgress :  0
2024-04-30 15:57:26 [INFO] SceneWorker::m_bCancel :  false
2024-04-30 15:57:26 [INFO] SceneWorker::callbackProgress :  0
2024-04-30 15:57:26 [INFO] SceneWorker::m_bCancel :  false
2024-04-30 15:57:26 [INFO] SceneWorker::callbackProgress :  0
2024-04-30 15:57:26 [INFO] SceneWorker::m_bCancel :  false
2024-04-30 15:57:26 [INFO] SceneWorker::callbackProgress :  0
2024-04-30 15:57:26 [INFO] SceneWorker::m_bCancel :  false
2024-04-30 15:57:26 [INFO] SceneWorker::callbackProgress :  100
2024-04-30 15:57:26 [INFO] SceneWorker::m_bCancel :  false
2024-04-30 15:57:26 [INFO] backupScene end!
2024-04-30 15:57:26 [INFO] uiState:  true
2024-04-30 15:57:26 [WARN] enableMenuShortcut menushort cut: 0
2024-04-30 16:07:21 [INFO] check Backup Secene!
2024-04-30 16:07:26 [INFO] get idle state:  true
2024-04-30 16:07:26 [INFO] backupScene start!
2024-04-30 16:07:26 [INFO] uiState:  false
2024-04-30 16:07:26 [WARN] enableMenuShortcut menushort cut: 8
2024-04-30 16:07:26 [INFO] SceneWorker::callbackProgress :  99
2024-04-30 16:07:26 [INFO] SceneWorker::m_bCancel :  false
2024-04-30 16:07:26 [INFO] SceneWorker::callbackProgress :  0
2024-04-30 16:07:26 [INFO] SceneWorker::m_bCancel :  false
2024-04-30 16:07:26 [INFO] SceneWorker::callbackProgress :  0
2024-04-30 16:07:26 [INFO] SceneWorker::m_bCancel :  false
2024-04-30 16:07:26 [INFO] SceneWorker::callbackProgress :  0
2024-04-30 16:07:26 [INFO] SceneWorker::m_bCancel :  false
2024-04-30 16:07:26 [INFO] SceneWorker::callbackProgress :  0
2024-04-30 16:07:26 [INFO] SceneWorker::m_bCancel :  false
2024-04-30 16:07:26 [INFO] SceneWorker::callbackProgress :  100
2024-04-30 16:07:26 [INFO] SceneWorker::m_bCancel :  false
2024-04-30 16:07:26 [INFO] backupScene end!
2024-04-30 16:07:26 [INFO] uiState:  true
2024-04-30 16:07:26 [WARN] enableMenuShortcut menushort cut: 0
2024-04-30 16:17:21 [INFO] check Backup Secene!
2024-04-30 16:17:26 [INFO] get idle state:  true
2024-04-30 16:17:26 [INFO] backupScene start!
2024-04-30 16:17:26 [INFO] uiState:  false
2024-04-30 16:17:26 [INFO] SceneWorker::callbackProgress :  99
2024-04-30 16:17:26 [INFO] SceneWorker::m_bCancel :  false
2024-04-30 16:17:26 [INFO] SceneWorker::callbackProgress :  0
2024-04-30 16:17:26 [INFO] SceneWorker::m_bCancel :  false
2024-04-30 16:17:26 [INFO] SceneWorker::callbackProgress :  0
2024-04-30 16:17:26 [INFO] SceneWorker::m_bCancel :  false
2024-04-30 16:17:26 [INFO] SceneWorker::callbackProgress :  0
2024-04-30 16:17:26 [INFO] SceneWorker::m_bCancel :  false
2024-04-30 16:17:26 [INFO] SceneWorker::callbackProgress :  0
2024-04-30 16:17:26 [INFO] SceneWorker::m_bCancel :  false
2024-04-30 16:17:26 [INFO] SceneWorker::callbackProgress :  100
2024-04-30 16:17:26 [INFO] SceneWorker::m_bCancel :  false
2024-04-30 16:17:26 [INFO] backupScene end!
2024-04-30 16:17:26 [WARN] enableMenuShortcut menushort cut: 8
2024-04-30 16:17:26 [INFO] uiState:  true
2024-04-30 16:17:26 [WARN] enableMenuShortcut menushort cut: 0
